ERROR 2025-11-08 21:14:01,671 log 25572 19512 Internal Server Error: /
Traceback (most recent call last):
  File "C:\Users\karel\OneDrive\Desktop\procesos_ronny\venv\Lib\site-packages\django_redis\cache.py", line 29, in _decorator
    return method(self, *args, **kwargs)
           ^^^^^^^^^^^^^^^^^^^^^^^^^^^^^
  File "C:\Users\karel\OneDrive\Desktop\procesos_ronny\venv\Lib\site-packages\django_redis\cache.py", line 99, in _get
    return self.client.get(key, default=default, version=version, client=client)
           ^^^^^^^^^^^^^^^^^^^^^^^^^^^^^^^^^^^^^^^^^^^^^^^^^^^^^^^^^^^^^^^^^^^^^
  File "C:\Users\karel\OneDrive\Desktop\procesos_ronny\venv\Lib\site-packages\django_redis\client\default.py", line 300, in get
    raise ConnectionInterrupted(connection=client) from e
django_redis.exceptions.ConnectionInterrupted: Redis ConnectionError: Error 10061 connecting to 127.0.0.1:6379. No se puede establecer una conexión ya que el equipo de destino denegó expresamente dicha conexión.

During handling of the above exception, another exception occurred:

Traceback (most recent call last):
  File "C:\Users\karel\OneDrive\Desktop\procesos_ronny\venv\Lib\site-packages\django\core\handlers\exception.py", line 55, in inner
    response = get_response(request)
               ^^^^^^^^^^^^^^^^^^^^^
  File "C:\Users\karel\OneDrive\Desktop\procesos_ronny\venv\Lib\site-packages\django\utils\deprecation.py", line 119, in __call__
    response = self.process_request(request)
               ^^^^^^^^^^^^^^^^^^^^^^^^^^^^^
  File "C:\Users\karel\OneDrive\Desktop\procesos_ronny\ecuador_turismo\middleware.py", line 125, in process_request
    current_requests = cache.get(cache_key, 0)
                       ^^^^^^^^^^^^^^^^^^^^^^^
  File "C:\Users\karel\OneDrive\Desktop\procesos_ronny\venv\Lib\site-packages\django_redis\cache.py", line 92, in get
    value = self._get(key, default, version, client)
            ^^^^^^^^^^^^^^^^^^^^^^^^^^^^^^^^^^^^^^^^
  File "C:\Users\karel\OneDrive\Desktop\procesos_ronny\venv\Lib\site-packages\django_redis\cache.py", line 36, in _decorator
    raise e.__cause__  # noqa: B904
    ^^^^^^^^^^^^^^^^^
  File "C:\Users\karel\OneDrive\Desktop\procesos_ronny\venv\Lib\site-packages\django_redis\client\default.py", line 298, in get
    value = client.get(key)
            ^^^^^^^^^^^^^^^
  File "C:\Users\karel\OneDrive\Desktop\procesos_ronny\venv\Lib\site-packages\redis\commands\core.py", line 1834, in get
    return self.execute_command("GET", name, keys=[name])
           ^^^^^^^^^^^^^^^^^^^^^^^^^^^^^^^^^^^^^^^^^^^^^^
  File "C:\Users\karel\OneDrive\Desktop\procesos_ronny\venv\Lib\site-packages\redis\client.py", line 657, in execute_command
    return self._execute_command(*args, **options)
           ^^^^^^^^^^^^^^^^^^^^^^^^^^^^^^^^^^^^^^^
  File "C:\Users\karel\OneDrive\Desktop\procesos_ronny\venv\Lib\site-packages\redis\client.py", line 663, in _execute_command
    conn = self.connection or pool.get_connection()
                              ^^^^^^^^^^^^^^^^^^^^^
  File "C:\Users\karel\OneDrive\Desktop\procesos_ronny\venv\Lib\site-packages\redis\utils.py", line 196, in wrapper
    return func(*args, **kwargs)
           ^^^^^^^^^^^^^^^^^^^^^
  File "C:\Users\karel\OneDrive\Desktop\procesos_ronny\venv\Lib\site-packages\redis\connection.py", line 2601, in get_connection
    connection.connect()
  File "C:\Users\karel\OneDrive\Desktop\procesos_ronny\venv\Lib\site-packages\redis\connection.py", line 846, in connect
    self.connect_check_health(check_health=True)
  File "C:\Users\karel\OneDrive\Desktop\procesos_ronny\venv\Lib\site-packages\redis\connection.py", line 863, in connect_check_health
    raise ConnectionError(self._error_message(e))
redis.exceptions.ConnectionError: Error 10061 connecting to 127.0.0.1:6379. No se puede establecer una conexión ya que el equipo de destino denegó expresamente dicha conexión.
ERROR 2025-11-08 21:14:03,903 log 25572 26292 Internal Server Error: /favicon.ico
Traceback (most recent call last):
  File "C:\Users\karel\OneDrive\Desktop\procesos_ronny\venv\Lib\site-packages\django_redis\cache.py", line 29, in _decorator
    return method(self, *args, **kwargs)
           ^^^^^^^^^^^^^^^^^^^^^^^^^^^^^
  File "C:\Users\karel\OneDrive\Desktop\procesos_ronny\venv\Lib\site-packages\django_redis\cache.py", line 99, in _get
    return self.client.get(key, default=default, version=version, client=client)
           ^^^^^^^^^^^^^^^^^^^^^^^^^^^^^^^^^^^^^^^^^^^^^^^^^^^^^^^^^^^^^^^^^^^^^
  File "C:\Users\karel\OneDrive\Desktop\procesos_ronny\venv\Lib\site-packages\django_redis\client\default.py", line 300, in get
    raise ConnectionInterrupted(connection=client) from e
django_redis.exceptions.ConnectionInterrupted: Redis ConnectionError: Error 10061 connecting to 127.0.0.1:6379. No se puede establecer una conexión ya que el equipo de destino denegó expresamente dicha conexión.

During handling of the above exception, another exception occurred:

Traceback (most recent call last):
  File "C:\Users\karel\OneDrive\Desktop\procesos_ronny\venv\Lib\site-packages\django\core\handlers\exception.py", line 55, in inner
    response = get_response(request)
               ^^^^^^^^^^^^^^^^^^^^^
  File "C:\Users\karel\OneDrive\Desktop\procesos_ronny\venv\Lib\site-packages\django\utils\deprecation.py", line 119, in __call__
    response = self.process_request(request)
               ^^^^^^^^^^^^^^^^^^^^^^^^^^^^^
  File "C:\Users\karel\OneDrive\Desktop\procesos_ronny\ecuador_turismo\middleware.py", line 125, in process_request
    current_requests = cache.get(cache_key, 0)
                       ^^^^^^^^^^^^^^^^^^^^^^^
  File "C:\Users\karel\OneDrive\Desktop\procesos_ronny\venv\Lib\site-packages\django_redis\cache.py", line 92, in get
    value = self._get(key, default, version, client)
            ^^^^^^^^^^^^^^^^^^^^^^^^^^^^^^^^^^^^^^^^
  File "C:\Users\karel\OneDrive\Desktop\procesos_ronny\venv\Lib\site-packages\django_redis\cache.py", line 36, in _decorator
    raise e.__cause__  # noqa: B904
    ^^^^^^^^^^^^^^^^^
  File "C:\Users\karel\OneDrive\Desktop\procesos_ronny\venv\Lib\site-packages\django_redis\client\default.py", line 298, in get
    value = client.get(key)
            ^^^^^^^^^^^^^^^
  File "C:\Users\karel\OneDrive\Desktop\procesos_ronny\venv\Lib\site-packages\redis\commands\core.py", line 1834, in get
    return self.execute_command("GET", name, keys=[name])
           ^^^^^^^^^^^^^^^^^^^^^^^^^^^^^^^^^^^^^^^^^^^^^^
  File "C:\Users\karel\OneDrive\Desktop\procesos_ronny\venv\Lib\site-packages\redis\client.py", line 657, in execute_command
    return self._execute_command(*args, **options)
           ^^^^^^^^^^^^^^^^^^^^^^^^^^^^^^^^^^^^^^^
  File "C:\Users\karel\OneDrive\Desktop\procesos_ronny\venv\Lib\site-packages\redis\client.py", line 663, in _execute_command
    conn = self.connection or pool.get_connection()
                              ^^^^^^^^^^^^^^^^^^^^^
  File "C:\Users\karel\OneDrive\Desktop\procesos_ronny\venv\Lib\site-packages\redis\utils.py", line 196, in wrapper
    return func(*args, **kwargs)
           ^^^^^^^^^^^^^^^^^^^^^
  File "C:\Users\karel\OneDrive\Desktop\procesos_ronny\venv\Lib\site-packages\redis\connection.py", line 2601, in get_connection
    connection.connect()
  File "C:\Users\karel\OneDrive\Desktop\procesos_ronny\venv\Lib\site-packages\redis\connection.py", line 846, in connect
    self.connect_check_health(check_health=True)
  File "C:\Users\karel\OneDrive\Desktop\procesos_ronny\venv\Lib\site-packages\redis\connection.py", line 863, in connect_check_health
    raise ConnectionError(self._error_message(e))
redis.exceptions.ConnectionError: Error 10061 connecting to 127.0.0.1:6379. No se puede establecer una conexión ya que el equipo de destino denegó expresamente dicha conexión.
ERROR 2025-11-08 21:14:47,600 log 25572 20604 Internal Server Error: /
Traceback (most recent call last):
  File "C:\Users\karel\OneDrive\Desktop\procesos_ronny\venv\Lib\site-packages\django_redis\cache.py", line 29, in _decorator
    return method(self, *args, **kwargs)
           ^^^^^^^^^^^^^^^^^^^^^^^^^^^^^
  File "C:\Users\karel\OneDrive\Desktop\procesos_ronny\venv\Lib\site-packages\django_redis\cache.py", line 99, in _get
    return self.client.get(key, default=default, version=version, client=client)
           ^^^^^^^^^^^^^^^^^^^^^^^^^^^^^^^^^^^^^^^^^^^^^^^^^^^^^^^^^^^^^^^^^^^^^
  File "C:\Users\karel\OneDrive\Desktop\procesos_ronny\venv\Lib\site-packages\django_redis\client\default.py", line 300, in get
    raise ConnectionInterrupted(connection=client) from e
django_redis.exceptions.ConnectionInterrupted: Redis ConnectionError: Error 10061 connecting to 127.0.0.1:6379. No se puede establecer una conexión ya que el equipo de destino denegó expresamente dicha conexión.

During handling of the above exception, another exception occurred:

Traceback (most recent call last):
  File "C:\Users\karel\OneDrive\Desktop\procesos_ronny\venv\Lib\site-packages\django\core\handlers\exception.py", line 55, in inner
    response = get_response(request)
               ^^^^^^^^^^^^^^^^^^^^^
  File "C:\Users\karel\OneDrive\Desktop\procesos_ronny\venv\Lib\site-packages\django\utils\deprecation.py", line 119, in __call__
    response = self.process_request(request)
               ^^^^^^^^^^^^^^^^^^^^^^^^^^^^^
  File "C:\Users\karel\OneDrive\Desktop\procesos_ronny\ecuador_turismo\middleware.py", line 125, in process_request
    current_requests = cache.get(cache_key, 0)
                       ^^^^^^^^^^^^^^^^^^^^^^^
  File "C:\Users\karel\OneDrive\Desktop\procesos_ronny\venv\Lib\site-packages\django_redis\cache.py", line 92, in get
    value = self._get(key, default, version, client)
            ^^^^^^^^^^^^^^^^^^^^^^^^^^^^^^^^^^^^^^^^
  File "C:\Users\karel\OneDrive\Desktop\procesos_ronny\venv\Lib\site-packages\django_redis\cache.py", line 36, in _decorator
    raise e.__cause__  # noqa: B904
    ^^^^^^^^^^^^^^^^^
  File "C:\Users\karel\OneDrive\Desktop\procesos_ronny\venv\Lib\site-packages\django_redis\client\default.py", line 298, in get
    value = client.get(key)
            ^^^^^^^^^^^^^^^
  File "C:\Users\karel\OneDrive\Desktop\procesos_ronny\venv\Lib\site-packages\redis\commands\core.py", line 1834, in get
    return self.execute_command("GET", name, keys=[name])
           ^^^^^^^^^^^^^^^^^^^^^^^^^^^^^^^^^^^^^^^^^^^^^^
  File "C:\Users\karel\OneDrive\Desktop\procesos_ronny\venv\Lib\site-packages\redis\client.py", line 657, in execute_command
    return self._execute_command(*args, **options)
           ^^^^^^^^^^^^^^^^^^^^^^^^^^^^^^^^^^^^^^^
  File "C:\Users\karel\OneDrive\Desktop\procesos_ronny\venv\Lib\site-packages\redis\client.py", line 663, in _execute_command
    conn = self.connection or pool.get_connection()
                              ^^^^^^^^^^^^^^^^^^^^^
  File "C:\Users\karel\OneDrive\Desktop\procesos_ronny\venv\Lib\site-packages\redis\utils.py", line 196, in wrapper
    return func(*args, **kwargs)
           ^^^^^^^^^^^^^^^^^^^^^
  File "C:\Users\karel\OneDrive\Desktop\procesos_ronny\venv\Lib\site-packages\redis\connection.py", line 2601, in get_connection
    connection.connect()
  File "C:\Users\karel\OneDrive\Desktop\procesos_ronny\venv\Lib\site-packages\redis\connection.py", line 846, in connect
    self.connect_check_health(check_health=True)
  File "C:\Users\karel\OneDrive\Desktop\procesos_ronny\venv\Lib\site-packages\redis\connection.py", line 863, in connect_check_health
    raise ConnectionError(self._error_message(e))
redis.exceptions.ConnectionError: Error 10061 connecting to 127.0.0.1:6379. No se puede establecer una conexión ya que el equipo de destino denegó expresamente dicha conexión.
ERROR 2025-11-08 21:14:49,762 log 25572 24140 Internal Server Error: /favicon.ico
Traceback (most recent call last):
  File "C:\Users\karel\OneDrive\Desktop\procesos_ronny\venv\Lib\site-packages\django_redis\cache.py", line 29, in _decorator
    return method(self, *args, **kwargs)
           ^^^^^^^^^^^^^^^^^^^^^^^^^^^^^
  File "C:\Users\karel\OneDrive\Desktop\procesos_ronny\venv\Lib\site-packages\django_redis\cache.py", line 99, in _get
    return self.client.get(key, default=default, version=version, client=client)
           ^^^^^^^^^^^^^^^^^^^^^^^^^^^^^^^^^^^^^^^^^^^^^^^^^^^^^^^^^^^^^^^^^^^^^
  File "C:\Users\karel\OneDrive\Desktop\procesos_ronny\venv\Lib\site-packages\django_redis\client\default.py", line 300, in get
    raise ConnectionInterrupted(connection=client) from e
django_redis.exceptions.ConnectionInterrupted: Redis ConnectionError: Error 10061 connecting to 127.0.0.1:6379. No se puede establecer una conexión ya que el equipo de destino denegó expresamente dicha conexión.

During handling of the above exception, another exception occurred:

Traceback (most recent call last):
  File "C:\Users\karel\OneDrive\Desktop\procesos_ronny\venv\Lib\site-packages\django\core\handlers\exception.py", line 55, in inner
    response = get_response(request)
               ^^^^^^^^^^^^^^^^^^^^^
  File "C:\Users\karel\OneDrive\Desktop\procesos_ronny\venv\Lib\site-packages\django\utils\deprecation.py", line 119, in __call__
    response = self.process_request(request)
               ^^^^^^^^^^^^^^^^^^^^^^^^^^^^^
  File "C:\Users\karel\OneDrive\Desktop\procesos_ronny\ecuador_turismo\middleware.py", line 125, in process_request
    current_requests = cache.get(cache_key, 0)
                       ^^^^^^^^^^^^^^^^^^^^^^^
  File "C:\Users\karel\OneDrive\Desktop\procesos_ronny\venv\Lib\site-packages\django_redis\cache.py", line 92, in get
    value = self._get(key, default, version, client)
            ^^^^^^^^^^^^^^^^^^^^^^^^^^^^^^^^^^^^^^^^
  File "C:\Users\karel\OneDrive\Desktop\procesos_ronny\venv\Lib\site-packages\django_redis\cache.py", line 36, in _decorator
    raise e.__cause__  # noqa: B904
    ^^^^^^^^^^^^^^^^^
  File "C:\Users\karel\OneDrive\Desktop\procesos_ronny\venv\Lib\site-packages\django_redis\client\default.py", line 298, in get
    value = client.get(key)
            ^^^^^^^^^^^^^^^
  File "C:\Users\karel\OneDrive\Desktop\procesos_ronny\venv\Lib\site-packages\redis\commands\core.py", line 1834, in get
    return self.execute_command("GET", name, keys=[name])
           ^^^^^^^^^^^^^^^^^^^^^^^^^^^^^^^^^^^^^^^^^^^^^^
  File "C:\Users\karel\OneDrive\Desktop\procesos_ronny\venv\Lib\site-packages\redis\client.py", line 657, in execute_command
    return self._execute_command(*args, **options)
           ^^^^^^^^^^^^^^^^^^^^^^^^^^^^^^^^^^^^^^^
  File "C:\Users\karel\OneDrive\Desktop\procesos_ronny\venv\Lib\site-packages\redis\client.py", line 663, in _execute_command
    conn = self.connection or pool.get_connection()
                              ^^^^^^^^^^^^^^^^^^^^^
  File "C:\Users\karel\OneDrive\Desktop\procesos_ronny\venv\Lib\site-packages\redis\utils.py", line 196, in wrapper
    return func(*args, **kwargs)
           ^^^^^^^^^^^^^^^^^^^^^
  File "C:\Users\karel\OneDrive\Desktop\procesos_ronny\venv\Lib\site-packages\redis\connection.py", line 2601, in get_connection
    connection.connect()
  File "C:\Users\karel\OneDrive\Desktop\procesos_ronny\venv\Lib\site-packages\redis\connection.py", line 846, in connect
    self.connect_check_health(check_health=True)
  File "C:\Users\karel\OneDrive\Desktop\procesos_ronny\venv\Lib\site-packages\redis\connection.py", line 863, in connect_check_health
    raise ConnectionError(self._error_message(e))
redis.exceptions.ConnectionError: Error 10061 connecting to 127.0.0.1:6379. No se puede establecer una conexión ya que el equipo de destino denegó expresamente dicha conexión.
ERROR 2025-11-08 21:15:21,969 log 25572 4344 Internal Server Error: /
Traceback (most recent call last):
  File "C:\Users\karel\OneDrive\Desktop\procesos_ronny\venv\Lib\site-packages\django_redis\cache.py", line 29, in _decorator
    return method(self, *args, **kwargs)
           ^^^^^^^^^^^^^^^^^^^^^^^^^^^^^
  File "C:\Users\karel\OneDrive\Desktop\procesos_ronny\venv\Lib\site-packages\django_redis\cache.py", line 99, in _get
    return self.client.get(key, default=default, version=version, client=client)
           ^^^^^^^^^^^^^^^^^^^^^^^^^^^^^^^^^^^^^^^^^^^^^^^^^^^^^^^^^^^^^^^^^^^^^
  File "C:\Users\karel\OneDrive\Desktop\procesos_ronny\venv\Lib\site-packages\django_redis\client\default.py", line 300, in get
    raise ConnectionInterrupted(connection=client) from e
django_redis.exceptions.ConnectionInterrupted: Redis ConnectionError: Error 10061 connecting to 127.0.0.1:6379. No se puede establecer una conexión ya que el equipo de destino denegó expresamente dicha conexión.

During handling of the above exception, another exception occurred:

Traceback (most recent call last):
  File "C:\Users\karel\OneDrive\Desktop\procesos_ronny\venv\Lib\site-packages\django\core\handlers\exception.py", line 55, in inner
    response = get_response(request)
               ^^^^^^^^^^^^^^^^^^^^^
  File "C:\Users\karel\OneDrive\Desktop\procesos_ronny\venv\Lib\site-packages\django\utils\deprecation.py", line 119, in __call__
    response = self.process_request(request)
               ^^^^^^^^^^^^^^^^^^^^^^^^^^^^^
  File "C:\Users\karel\OneDrive\Desktop\procesos_ronny\ecuador_turismo\middleware.py", line 125, in process_request
    current_requests = cache.get(cache_key, 0)
                       ^^^^^^^^^^^^^^^^^^^^^^^
  File "C:\Users\karel\OneDrive\Desktop\procesos_ronny\venv\Lib\site-packages\django_redis\cache.py", line 92, in get
    value = self._get(key, default, version, client)
            ^^^^^^^^^^^^^^^^^^^^^^^^^^^^^^^^^^^^^^^^
  File "C:\Users\karel\OneDrive\Desktop\procesos_ronny\venv\Lib\site-packages\django_redis\cache.py", line 36, in _decorator
    raise e.__cause__  # noqa: B904
    ^^^^^^^^^^^^^^^^^
  File "C:\Users\karel\OneDrive\Desktop\procesos_ronny\venv\Lib\site-packages\django_redis\client\default.py", line 298, in get
    value = client.get(key)
            ^^^^^^^^^^^^^^^
  File "C:\Users\karel\OneDrive\Desktop\procesos_ronny\venv\Lib\site-packages\redis\commands\core.py", line 1834, in get
    return self.execute_command("GET", name, keys=[name])
           ^^^^^^^^^^^^^^^^^^^^^^^^^^^^^^^^^^^^^^^^^^^^^^
  File "C:\Users\karel\OneDrive\Desktop\procesos_ronny\venv\Lib\site-packages\redis\client.py", line 657, in execute_command
    return self._execute_command(*args, **options)
           ^^^^^^^^^^^^^^^^^^^^^^^^^^^^^^^^^^^^^^^
  File "C:\Users\karel\OneDrive\Desktop\procesos_ronny\venv\Lib\site-packages\redis\client.py", line 663, in _execute_command
    conn = self.connection or pool.get_connection()
                              ^^^^^^^^^^^^^^^^^^^^^
  File "C:\Users\karel\OneDrive\Desktop\procesos_ronny\venv\Lib\site-packages\redis\utils.py", line 196, in wrapper
    return func(*args, **kwargs)
           ^^^^^^^^^^^^^^^^^^^^^
  File "C:\Users\karel\OneDrive\Desktop\procesos_ronny\venv\Lib\site-packages\redis\connection.py", line 2601, in get_connection
    connection.connect()
  File "C:\Users\karel\OneDrive\Desktop\procesos_ronny\venv\Lib\site-packages\redis\connection.py", line 846, in connect
    self.connect_check_health(check_health=True)
  File "C:\Users\karel\OneDrive\Desktop\procesos_ronny\venv\Lib\site-packages\redis\connection.py", line 863, in connect_check_health
    raise ConnectionError(self._error_message(e))
redis.exceptions.ConnectionError: Error 10061 connecting to 127.0.0.1:6379. No se puede establecer una conexión ya que el equipo de destino denegó expresamente dicha conexión.
ERROR 2025-11-08 21:15:24,087 log 25572 25592 Internal Server Error: /favicon.ico
Traceback (most recent call last):
  File "C:\Users\karel\OneDrive\Desktop\procesos_ronny\venv\Lib\site-packages\django_redis\cache.py", line 29, in _decorator
    return method(self, *args, **kwargs)
           ^^^^^^^^^^^^^^^^^^^^^^^^^^^^^
  File "C:\Users\karel\OneDrive\Desktop\procesos_ronny\venv\Lib\site-packages\django_redis\cache.py", line 99, in _get
    return self.client.get(key, default=default, version=version, client=client)
           ^^^^^^^^^^^^^^^^^^^^^^^^^^^^^^^^^^^^^^^^^^^^^^^^^^^^^^^^^^^^^^^^^^^^^
  File "C:\Users\karel\OneDrive\Desktop\procesos_ronny\venv\Lib\site-packages\django_redis\client\default.py", line 300, in get
    raise ConnectionInterrupted(connection=client) from e
django_redis.exceptions.ConnectionInterrupted: Redis ConnectionError: Error 10061 connecting to 127.0.0.1:6379. No se puede establecer una conexión ya que el equipo de destino denegó expresamente dicha conexión.

During handling of the above exception, another exception occurred:

Traceback (most recent call last):
  File "C:\Users\karel\OneDrive\Desktop\procesos_ronny\venv\Lib\site-packages\django\core\handlers\exception.py", line 55, in inner
    response = get_response(request)
               ^^^^^^^^^^^^^^^^^^^^^
  File "C:\Users\karel\OneDrive\Desktop\procesos_ronny\venv\Lib\site-packages\django\utils\deprecation.py", line 119, in __call__
    response = self.process_request(request)
               ^^^^^^^^^^^^^^^^^^^^^^^^^^^^^
  File "C:\Users\karel\OneDrive\Desktop\procesos_ronny\ecuador_turismo\middleware.py", line 125, in process_request
    current_requests = cache.get(cache_key, 0)
                       ^^^^^^^^^^^^^^^^^^^^^^^
  File "C:\Users\karel\OneDrive\Desktop\procesos_ronny\venv\Lib\site-packages\django_redis\cache.py", line 92, in get
    value = self._get(key, default, version, client)
            ^^^^^^^^^^^^^^^^^^^^^^^^^^^^^^^^^^^^^^^^
  File "C:\Users\karel\OneDrive\Desktop\procesos_ronny\venv\Lib\site-packages\django_redis\cache.py", line 36, in _decorator
    raise e.__cause__  # noqa: B904
    ^^^^^^^^^^^^^^^^^
  File "C:\Users\karel\OneDrive\Desktop\procesos_ronny\venv\Lib\site-packages\django_redis\client\default.py", line 298, in get
    value = client.get(key)
            ^^^^^^^^^^^^^^^
  File "C:\Users\karel\OneDrive\Desktop\procesos_ronny\venv\Lib\site-packages\redis\commands\core.py", line 1834, in get
    return self.execute_command("GET", name, keys=[name])
           ^^^^^^^^^^^^^^^^^^^^^^^^^^^^^^^^^^^^^^^^^^^^^^
  File "C:\Users\karel\OneDrive\Desktop\procesos_ronny\venv\Lib\site-packages\redis\client.py", line 657, in execute_command
    return self._execute_command(*args, **options)
           ^^^^^^^^^^^^^^^^^^^^^^^^^^^^^^^^^^^^^^^
  File "C:\Users\karel\OneDrive\Desktop\procesos_ronny\venv\Lib\site-packages\redis\client.py", line 663, in _execute_command
    conn = self.connection or pool.get_connection()
                              ^^^^^^^^^^^^^^^^^^^^^
  File "C:\Users\karel\OneDrive\Desktop\procesos_ronny\venv\Lib\site-packages\redis\utils.py", line 196, in wrapper
    return func(*args, **kwargs)
           ^^^^^^^^^^^^^^^^^^^^^
  File "C:\Users\karel\OneDrive\Desktop\procesos_ronny\venv\Lib\site-packages\redis\connection.py", line 2601, in get_connection
    connection.connect()
  File "C:\Users\karel\OneDrive\Desktop\procesos_ronny\venv\Lib\site-packages\redis\connection.py", line 846, in connect
    self.connect_check_health(check_health=True)
  File "C:\Users\karel\OneDrive\Desktop\procesos_ronny\venv\Lib\site-packages\redis\connection.py", line 863, in connect_check_health
    raise ConnectionError(self._error_message(e))
redis.exceptions.ConnectionError: Error 10061 connecting to 127.0.0.1:6379. No se puede establecer una conexión ya que el equipo de destino denegó expresamente dicha conexión.
ERROR 2025-11-08 21:16:20,024 log 25572 21832 Internal Server Error: /
Traceback (most recent call last):
  File "C:\Users\karel\OneDrive\Desktop\procesos_ronny\venv\Lib\site-packages\django_redis\cache.py", line 29, in _decorator
    return method(self, *args, **kwargs)
           ^^^^^^^^^^^^^^^^^^^^^^^^^^^^^
  File "C:\Users\karel\OneDrive\Desktop\procesos_ronny\venv\Lib\site-packages\django_redis\cache.py", line 99, in _get
    return self.client.get(key, default=default, version=version, client=client)
           ^^^^^^^^^^^^^^^^^^^^^^^^^^^^^^^^^^^^^^^^^^^^^^^^^^^^^^^^^^^^^^^^^^^^^
  File "C:\Users\karel\OneDrive\Desktop\procesos_ronny\venv\Lib\site-packages\django_redis\client\default.py", line 300, in get
    raise ConnectionInterrupted(connection=client) from e
django_redis.exceptions.ConnectionInterrupted: Redis ConnectionError: Error 10061 connecting to 127.0.0.1:6379. No se puede establecer una conexión ya que el equipo de destino denegó expresamente dicha conexión.

During handling of the above exception, another exception occurred:

Traceback (most recent call last):
  File "C:\Users\karel\OneDrive\Desktop\procesos_ronny\venv\Lib\site-packages\django\core\handlers\exception.py", line 55, in inner
    response = get_response(request)
               ^^^^^^^^^^^^^^^^^^^^^
  File "C:\Users\karel\OneDrive\Desktop\procesos_ronny\venv\Lib\site-packages\django\utils\deprecation.py", line 119, in __call__
    response = self.process_request(request)
               ^^^^^^^^^^^^^^^^^^^^^^^^^^^^^
  File "C:\Users\karel\OneDrive\Desktop\procesos_ronny\ecuador_turismo\middleware.py", line 125, in process_request
    current_requests = cache.get(cache_key, 0)
                       ^^^^^^^^^^^^^^^^^^^^^^^
  File "C:\Users\karel\OneDrive\Desktop\procesos_ronny\venv\Lib\site-packages\django_redis\cache.py", line 92, in get
    value = self._get(key, default, version, client)
            ^^^^^^^^^^^^^^^^^^^^^^^^^^^^^^^^^^^^^^^^
  File "C:\Users\karel\OneDrive\Desktop\procesos_ronny\venv\Lib\site-packages\django_redis\cache.py", line 36, in _decorator
    raise e.__cause__  # noqa: B904
    ^^^^^^^^^^^^^^^^^
  File "C:\Users\karel\OneDrive\Desktop\procesos_ronny\venv\Lib\site-packages\django_redis\client\default.py", line 298, in get
    value = client.get(key)
            ^^^^^^^^^^^^^^^
  File "C:\Users\karel\OneDrive\Desktop\procesos_ronny\venv\Lib\site-packages\redis\commands\core.py", line 1834, in get
    return self.execute_command("GET", name, keys=[name])
           ^^^^^^^^^^^^^^^^^^^^^^^^^^^^^^^^^^^^^^^^^^^^^^
  File "C:\Users\karel\OneDrive\Desktop\procesos_ronny\venv\Lib\site-packages\redis\client.py", line 657, in execute_command
    return self._execute_command(*args, **options)
           ^^^^^^^^^^^^^^^^^^^^^^^^^^^^^^^^^^^^^^^
  File "C:\Users\karel\OneDrive\Desktop\procesos_ronny\venv\Lib\site-packages\redis\client.py", line 663, in _execute_command
    conn = self.connection or pool.get_connection()
                              ^^^^^^^^^^^^^^^^^^^^^
  File "C:\Users\karel\OneDrive\Desktop\procesos_ronny\venv\Lib\site-packages\redis\utils.py", line 196, in wrapper
    return func(*args, **kwargs)
           ^^^^^^^^^^^^^^^^^^^^^
  File "C:\Users\karel\OneDrive\Desktop\procesos_ronny\venv\Lib\site-packages\redis\connection.py", line 2601, in get_connection
    connection.connect()
  File "C:\Users\karel\OneDrive\Desktop\procesos_ronny\venv\Lib\site-packages\redis\connection.py", line 846, in connect
    self.connect_check_health(check_health=True)
  File "C:\Users\karel\OneDrive\Desktop\procesos_ronny\venv\Lib\site-packages\redis\connection.py", line 863, in connect_check_health
    raise ConnectionError(self._error_message(e))
redis.exceptions.ConnectionError: Error 10061 connecting to 127.0.0.1:6379. No se puede establecer una conexión ya que el equipo de destino denegó expresamente dicha conexión.
ERROR 2025-11-08 21:16:22,201 log 25572 7160 Internal Server Error: /favicon.ico
Traceback (most recent call last):
  File "C:\Users\karel\OneDrive\Desktop\procesos_ronny\venv\Lib\site-packages\django_redis\cache.py", line 29, in _decorator
    return method(self, *args, **kwargs)
           ^^^^^^^^^^^^^^^^^^^^^^^^^^^^^
  File "C:\Users\karel\OneDrive\Desktop\procesos_ronny\venv\Lib\site-packages\django_redis\cache.py", line 99, in _get
    return self.client.get(key, default=default, version=version, client=client)
           ^^^^^^^^^^^^^^^^^^^^^^^^^^^^^^^^^^^^^^^^^^^^^^^^^^^^^^^^^^^^^^^^^^^^^
  File "C:\Users\karel\OneDrive\Desktop\procesos_ronny\venv\Lib\site-packages\django_redis\client\default.py", line 300, in get
    raise ConnectionInterrupted(connection=client) from e
django_redis.exceptions.ConnectionInterrupted: Redis ConnectionError: Error 10061 connecting to 127.0.0.1:6379. No se puede establecer una conexión ya que el equipo de destino denegó expresamente dicha conexión.

During handling of the above exception, another exception occurred:

Traceback (most recent call last):
  File "C:\Users\karel\OneDrive\Desktop\procesos_ronny\venv\Lib\site-packages\django\core\handlers\exception.py", line 55, in inner
    response = get_response(request)
               ^^^^^^^^^^^^^^^^^^^^^
  File "C:\Users\karel\OneDrive\Desktop\procesos_ronny\venv\Lib\site-packages\django\utils\deprecation.py", line 119, in __call__
    response = self.process_request(request)
               ^^^^^^^^^^^^^^^^^^^^^^^^^^^^^
  File "C:\Users\karel\OneDrive\Desktop\procesos_ronny\ecuador_turismo\middleware.py", line 125, in process_request
    current_requests = cache.get(cache_key, 0)
                       ^^^^^^^^^^^^^^^^^^^^^^^
  File "C:\Users\karel\OneDrive\Desktop\procesos_ronny\venv\Lib\site-packages\django_redis\cache.py", line 92, in get
    value = self._get(key, default, version, client)
            ^^^^^^^^^^^^^^^^^^^^^^^^^^^^^^^^^^^^^^^^
  File "C:\Users\karel\OneDrive\Desktop\procesos_ronny\venv\Lib\site-packages\django_redis\cache.py", line 36, in _decorator
    raise e.__cause__  # noqa: B904
    ^^^^^^^^^^^^^^^^^
  File "C:\Users\karel\OneDrive\Desktop\procesos_ronny\venv\Lib\site-packages\django_redis\client\default.py", line 298, in get
    value = client.get(key)
            ^^^^^^^^^^^^^^^
  File "C:\Users\karel\OneDrive\Desktop\procesos_ronny\venv\Lib\site-packages\redis\commands\core.py", line 1834, in get
    return self.execute_command("GET", name, keys=[name])
           ^^^^^^^^^^^^^^^^^^^^^^^^^^^^^^^^^^^^^^^^^^^^^^
  File "C:\Users\karel\OneDrive\Desktop\procesos_ronny\venv\Lib\site-packages\redis\client.py", line 657, in execute_command
    return self._execute_command(*args, **options)
           ^^^^^^^^^^^^^^^^^^^^^^^^^^^^^^^^^^^^^^^
  File "C:\Users\karel\OneDrive\Desktop\procesos_ronny\venv\Lib\site-packages\redis\client.py", line 663, in _execute_command
    conn = self.connection or pool.get_connection()
                              ^^^^^^^^^^^^^^^^^^^^^
  File "C:\Users\karel\OneDrive\Desktop\procesos_ronny\venv\Lib\site-packages\redis\utils.py", line 196, in wrapper
    return func(*args, **kwargs)
           ^^^^^^^^^^^^^^^^^^^^^
  File "C:\Users\karel\OneDrive\Desktop\procesos_ronny\venv\Lib\site-packages\redis\connection.py", line 2601, in get_connection
    connection.connect()
  File "C:\Users\karel\OneDrive\Desktop\procesos_ronny\venv\Lib\site-packages\redis\connection.py", line 846, in connect
    self.connect_check_health(check_health=True)
  File "C:\Users\karel\OneDrive\Desktop\procesos_ronny\venv\Lib\site-packages\redis\connection.py", line 863, in connect_check_health
    raise ConnectionError(self._error_message(e))
redis.exceptions.ConnectionError: Error 10061 connecting to 127.0.0.1:6379. No se puede establecer una conexión ya que el equipo de destino denegó expresamente dicha conexión.
ERROR 2025-11-08 21:16:36,478 log 25572 25432 Internal Server Error: /
Traceback (most recent call last):
  File "C:\Users\karel\OneDrive\Desktop\procesos_ronny\venv\Lib\site-packages\django_redis\cache.py", line 29, in _decorator
    return method(self, *args, **kwargs)
           ^^^^^^^^^^^^^^^^^^^^^^^^^^^^^
  File "C:\Users\karel\OneDrive\Desktop\procesos_ronny\venv\Lib\site-packages\django_redis\cache.py", line 99, in _get
    return self.client.get(key, default=default, version=version, client=client)
           ^^^^^^^^^^^^^^^^^^^^^^^^^^^^^^^^^^^^^^^^^^^^^^^^^^^^^^^^^^^^^^^^^^^^^
  File "C:\Users\karel\OneDrive\Desktop\procesos_ronny\venv\Lib\site-packages\django_redis\client\default.py", line 300, in get
    raise ConnectionInterrupted(connection=client) from e
django_redis.exceptions.ConnectionInterrupted: Redis ConnectionError: Error 10061 connecting to 127.0.0.1:6379. No se puede establecer una conexión ya que el equipo de destino denegó expresamente dicha conexión.

During handling of the above exception, another exception occurred:

Traceback (most recent call last):
  File "C:\Users\karel\OneDrive\Desktop\procesos_ronny\venv\Lib\site-packages\django\core\handlers\exception.py", line 55, in inner
    response = get_response(request)
               ^^^^^^^^^^^^^^^^^^^^^
  File "C:\Users\karel\OneDrive\Desktop\procesos_ronny\venv\Lib\site-packages\django\utils\deprecation.py", line 119, in __call__
    response = self.process_request(request)
               ^^^^^^^^^^^^^^^^^^^^^^^^^^^^^
  File "C:\Users\karel\OneDrive\Desktop\procesos_ronny\ecuador_turismo\middleware.py", line 125, in process_request
    current_requests = cache.get(cache_key, 0)
                       ^^^^^^^^^^^^^^^^^^^^^^^
  File "C:\Users\karel\OneDrive\Desktop\procesos_ronny\venv\Lib\site-packages\django_redis\cache.py", line 92, in get
    value = self._get(key, default, version, client)
            ^^^^^^^^^^^^^^^^^^^^^^^^^^^^^^^^^^^^^^^^
  File "C:\Users\karel\OneDrive\Desktop\procesos_ronny\venv\Lib\site-packages\django_redis\cache.py", line 36, in _decorator
    raise e.__cause__  # noqa: B904
    ^^^^^^^^^^^^^^^^^
  File "C:\Users\karel\OneDrive\Desktop\procesos_ronny\venv\Lib\site-packages\django_redis\client\default.py", line 298, in get
    value = client.get(key)
            ^^^^^^^^^^^^^^^
  File "C:\Users\karel\OneDrive\Desktop\procesos_ronny\venv\Lib\site-packages\redis\commands\core.py", line 1834, in get
    return self.execute_command("GET", name, keys=[name])
           ^^^^^^^^^^^^^^^^^^^^^^^^^^^^^^^^^^^^^^^^^^^^^^
  File "C:\Users\karel\OneDrive\Desktop\procesos_ronny\venv\Lib\site-packages\redis\client.py", line 657, in execute_command
    return self._execute_command(*args, **options)
           ^^^^^^^^^^^^^^^^^^^^^^^^^^^^^^^^^^^^^^^
  File "C:\Users\karel\OneDrive\Desktop\procesos_ronny\venv\Lib\site-packages\redis\client.py", line 663, in _execute_command
    conn = self.connection or pool.get_connection()
                              ^^^^^^^^^^^^^^^^^^^^^
  File "C:\Users\karel\OneDrive\Desktop\procesos_ronny\venv\Lib\site-packages\redis\utils.py", line 196, in wrapper
    return func(*args, **kwargs)
           ^^^^^^^^^^^^^^^^^^^^^
  File "C:\Users\karel\OneDrive\Desktop\procesos_ronny\venv\Lib\site-packages\redis\connection.py", line 2601, in get_connection
    connection.connect()
  File "C:\Users\karel\OneDrive\Desktop\procesos_ronny\venv\Lib\site-packages\redis\connection.py", line 846, in connect
    self.connect_check_health(check_health=True)
  File "C:\Users\karel\OneDrive\Desktop\procesos_ronny\venv\Lib\site-packages\redis\connection.py", line 863, in connect_check_health
    raise ConnectionError(self._error_message(e))
redis.exceptions.ConnectionError: Error 10061 connecting to 127.0.0.1:6379. No se puede establecer una conexión ya que el equipo de destino denegó expresamente dicha conexión.
ERROR 2025-11-08 21:16:38,660 log 25572 24780 Internal Server Error: /favicon.ico
Traceback (most recent call last):
  File "C:\Users\karel\OneDrive\Desktop\procesos_ronny\venv\Lib\site-packages\django_redis\cache.py", line 29, in _decorator
    return method(self, *args, **kwargs)
           ^^^^^^^^^^^^^^^^^^^^^^^^^^^^^
  File "C:\Users\karel\OneDrive\Desktop\procesos_ronny\venv\Lib\site-packages\django_redis\cache.py", line 99, in _get
    return self.client.get(key, default=default, version=version, client=client)
           ^^^^^^^^^^^^^^^^^^^^^^^^^^^^^^^^^^^^^^^^^^^^^^^^^^^^^^^^^^^^^^^^^^^^^
  File "C:\Users\karel\OneDrive\Desktop\procesos_ronny\venv\Lib\site-packages\django_redis\client\default.py", line 300, in get
    raise ConnectionInterrupted(connection=client) from e
django_redis.exceptions.ConnectionInterrupted: Redis ConnectionError: Error 10061 connecting to 127.0.0.1:6379. No se puede establecer una conexión ya que el equipo de destino denegó expresamente dicha conexión.

During handling of the above exception, another exception occurred:

Traceback (most recent call last):
  File "C:\Users\karel\OneDrive\Desktop\procesos_ronny\venv\Lib\site-packages\django\core\handlers\exception.py", line 55, in inner
    response = get_response(request)
               ^^^^^^^^^^^^^^^^^^^^^
  File "C:\Users\karel\OneDrive\Desktop\procesos_ronny\venv\Lib\site-packages\django\utils\deprecation.py", line 119, in __call__
    response = self.process_request(request)
               ^^^^^^^^^^^^^^^^^^^^^^^^^^^^^
  File "C:\Users\karel\OneDrive\Desktop\procesos_ronny\ecuador_turismo\middleware.py", line 125, in process_request
    current_requests = cache.get(cache_key, 0)
                       ^^^^^^^^^^^^^^^^^^^^^^^
  File "C:\Users\karel\OneDrive\Desktop\procesos_ronny\venv\Lib\site-packages\django_redis\cache.py", line 92, in get
    value = self._get(key, default, version, client)
            ^^^^^^^^^^^^^^^^^^^^^^^^^^^^^^^^^^^^^^^^
  File "C:\Users\karel\OneDrive\Desktop\procesos_ronny\venv\Lib\site-packages\django_redis\cache.py", line 36, in _decorator
    raise e.__cause__  # noqa: B904
    ^^^^^^^^^^^^^^^^^
  File "C:\Users\karel\OneDrive\Desktop\procesos_ronny\venv\Lib\site-packages\django_redis\client\default.py", line 298, in get
    value = client.get(key)
            ^^^^^^^^^^^^^^^
  File "C:\Users\karel\OneDrive\Desktop\procesos_ronny\venv\Lib\site-packages\redis\commands\core.py", line 1834, in get
    return self.execute_command("GET", name, keys=[name])
           ^^^^^^^^^^^^^^^^^^^^^^^^^^^^^^^^^^^^^^^^^^^^^^
  File "C:\Users\karel\OneDrive\Desktop\procesos_ronny\venv\Lib\site-packages\redis\client.py", line 657, in execute_command
    return self._execute_command(*args, **options)
           ^^^^^^^^^^^^^^^^^^^^^^^^^^^^^^^^^^^^^^^
  File "C:\Users\karel\OneDrive\Desktop\procesos_ronny\venv\Lib\site-packages\redis\client.py", line 663, in _execute_command
    conn = self.connection or pool.get_connection()
                              ^^^^^^^^^^^^^^^^^^^^^
  File "C:\Users\karel\OneDrive\Desktop\procesos_ronny\venv\Lib\site-packages\redis\utils.py", line 196, in wrapper
    return func(*args, **kwargs)
           ^^^^^^^^^^^^^^^^^^^^^
  File "C:\Users\karel\OneDrive\Desktop\procesos_ronny\venv\Lib\site-packages\redis\connection.py", line 2601, in get_connection
    connection.connect()
  File "C:\Users\karel\OneDrive\Desktop\procesos_ronny\venv\Lib\site-packages\redis\connection.py", line 846, in connect
    self.connect_check_health(check_health=True)
  File "C:\Users\karel\OneDrive\Desktop\procesos_ronny\venv\Lib\site-packages\redis\connection.py", line 863, in connect_check_health
    raise ConnectionError(self._error_message(e))
redis.exceptions.ConnectionError: Error 10061 connecting to 127.0.0.1:6379. No se puede establecer una conexión ya que el equipo de destino denegó expresamente dicha conexión.
ERROR 2025-11-08 21:17:02,761 log 25572 18880 Internal Server Error: /
Traceback (most recent call last):
  File "C:\Users\karel\OneDrive\Desktop\procesos_ronny\venv\Lib\site-packages\django_redis\cache.py", line 29, in _decorator
    return method(self, *args, **kwargs)
           ^^^^^^^^^^^^^^^^^^^^^^^^^^^^^
  File "C:\Users\karel\OneDrive\Desktop\procesos_ronny\venv\Lib\site-packages\django_redis\cache.py", line 99, in _get
    return self.client.get(key, default=default, version=version, client=client)
           ^^^^^^^^^^^^^^^^^^^^^^^^^^^^^^^^^^^^^^^^^^^^^^^^^^^^^^^^^^^^^^^^^^^^^
  File "C:\Users\karel\OneDrive\Desktop\procesos_ronny\venv\Lib\site-packages\django_redis\client\default.py", line 300, in get
    raise ConnectionInterrupted(connection=client) from e
django_redis.exceptions.ConnectionInterrupted: Redis ConnectionError: Error 10061 connecting to 127.0.0.1:6379. No se puede establecer una conexión ya que el equipo de destino denegó expresamente dicha conexión.

During handling of the above exception, another exception occurred:

Traceback (most recent call last):
  File "C:\Users\karel\OneDrive\Desktop\procesos_ronny\venv\Lib\site-packages\django\core\handlers\exception.py", line 55, in inner
    response = get_response(request)
               ^^^^^^^^^^^^^^^^^^^^^
  File "C:\Users\karel\OneDrive\Desktop\procesos_ronny\venv\Lib\site-packages\django\utils\deprecation.py", line 119, in __call__
    response = self.process_request(request)
               ^^^^^^^^^^^^^^^^^^^^^^^^^^^^^
  File "C:\Users\karel\OneDrive\Desktop\procesos_ronny\ecuador_turismo\middleware.py", line 125, in process_request
    current_requests = cache.get(cache_key, 0)
                       ^^^^^^^^^^^^^^^^^^^^^^^
  File "C:\Users\karel\OneDrive\Desktop\procesos_ronny\venv\Lib\site-packages\django_redis\cache.py", line 92, in get
    value = self._get(key, default, version, client)
            ^^^^^^^^^^^^^^^^^^^^^^^^^^^^^^^^^^^^^^^^
  File "C:\Users\karel\OneDrive\Desktop\procesos_ronny\venv\Lib\site-packages\django_redis\cache.py", line 36, in _decorator
    raise e.__cause__  # noqa: B904
    ^^^^^^^^^^^^^^^^^
  File "C:\Users\karel\OneDrive\Desktop\procesos_ronny\venv\Lib\site-packages\django_redis\client\default.py", line 298, in get
    value = client.get(key)
            ^^^^^^^^^^^^^^^
  File "C:\Users\karel\OneDrive\Desktop\procesos_ronny\venv\Lib\site-packages\redis\commands\core.py", line 1834, in get
    return self.execute_command("GET", name, keys=[name])
           ^^^^^^^^^^^^^^^^^^^^^^^^^^^^^^^^^^^^^^^^^^^^^^
  File "C:\Users\karel\OneDrive\Desktop\procesos_ronny\venv\Lib\site-packages\redis\client.py", line 657, in execute_command
    return self._execute_command(*args, **options)
           ^^^^^^^^^^^^^^^^^^^^^^^^^^^^^^^^^^^^^^^
  File "C:\Users\karel\OneDrive\Desktop\procesos_ronny\venv\Lib\site-packages\redis\client.py", line 663, in _execute_command
    conn = self.connection or pool.get_connection()
                              ^^^^^^^^^^^^^^^^^^^^^
  File "C:\Users\karel\OneDrive\Desktop\procesos_ronny\venv\Lib\site-packages\redis\utils.py", line 196, in wrapper
    return func(*args, **kwargs)
           ^^^^^^^^^^^^^^^^^^^^^
  File "C:\Users\karel\OneDrive\Desktop\procesos_ronny\venv\Lib\site-packages\redis\connection.py", line 2601, in get_connection
    connection.connect()
  File "C:\Users\karel\OneDrive\Desktop\procesos_ronny\venv\Lib\site-packages\redis\connection.py", line 846, in connect
    self.connect_check_health(check_health=True)
  File "C:\Users\karel\OneDrive\Desktop\procesos_ronny\venv\Lib\site-packages\redis\connection.py", line 863, in connect_check_health
    raise ConnectionError(self._error_message(e))
redis.exceptions.ConnectionError: Error 10061 connecting to 127.0.0.1:6379. No se puede establecer una conexión ya que el equipo de destino denegó expresamente dicha conexión.
ERROR 2025-11-08 21:17:04,810 log 25572 3876 Internal Server Error: /
Traceback (most recent call last):
  File "C:\Users\karel\OneDrive\Desktop\procesos_ronny\venv\Lib\site-packages\django_redis\cache.py", line 29, in _decorator
    return method(self, *args, **kwargs)
           ^^^^^^^^^^^^^^^^^^^^^^^^^^^^^
  File "C:\Users\karel\OneDrive\Desktop\procesos_ronny\venv\Lib\site-packages\django_redis\cache.py", line 99, in _get
    return self.client.get(key, default=default, version=version, client=client)
           ^^^^^^^^^^^^^^^^^^^^^^^^^^^^^^^^^^^^^^^^^^^^^^^^^^^^^^^^^^^^^^^^^^^^^
  File "C:\Users\karel\OneDrive\Desktop\procesos_ronny\venv\Lib\site-packages\django_redis\client\default.py", line 300, in get
    raise ConnectionInterrupted(connection=client) from e
django_redis.exceptions.ConnectionInterrupted: Redis ConnectionError: Error 10061 connecting to 127.0.0.1:6379. No se puede establecer una conexión ya que el equipo de destino denegó expresamente dicha conexión.

During handling of the above exception, another exception occurred:

Traceback (most recent call last):
  File "C:\Users\karel\OneDrive\Desktop\procesos_ronny\venv\Lib\site-packages\django\core\handlers\exception.py", line 55, in inner
    response = get_response(request)
               ^^^^^^^^^^^^^^^^^^^^^
  File "C:\Users\karel\OneDrive\Desktop\procesos_ronny\venv\Lib\site-packages\django\utils\deprecation.py", line 119, in __call__
    response = self.process_request(request)
               ^^^^^^^^^^^^^^^^^^^^^^^^^^^^^
  File "C:\Users\karel\OneDrive\Desktop\procesos_ronny\ecuador_turismo\middleware.py", line 125, in process_request
    current_requests = cache.get(cache_key, 0)
                       ^^^^^^^^^^^^^^^^^^^^^^^
  File "C:\Users\karel\OneDrive\Desktop\procesos_ronny\venv\Lib\site-packages\django_redis\cache.py", line 92, in get
    value = self._get(key, default, version, client)
            ^^^^^^^^^^^^^^^^^^^^^^^^^^^^^^^^^^^^^^^^
  File "C:\Users\karel\OneDrive\Desktop\procesos_ronny\venv\Lib\site-packages\django_redis\cache.py", line 36, in _decorator
    raise e.__cause__  # noqa: B904
    ^^^^^^^^^^^^^^^^^
  File "C:\Users\karel\OneDrive\Desktop\procesos_ronny\venv\Lib\site-packages\django_redis\client\default.py", line 298, in get
    value = client.get(key)
            ^^^^^^^^^^^^^^^
  File "C:\Users\karel\OneDrive\Desktop\procesos_ronny\venv\Lib\site-packages\redis\commands\core.py", line 1834, in get
    return self.execute_command("GET", name, keys=[name])
           ^^^^^^^^^^^^^^^^^^^^^^^^^^^^^^^^^^^^^^^^^^^^^^
  File "C:\Users\karel\OneDrive\Desktop\procesos_ronny\venv\Lib\site-packages\redis\client.py", line 657, in execute_command
    return self._execute_command(*args, **options)
           ^^^^^^^^^^^^^^^^^^^^^^^^^^^^^^^^^^^^^^^
  File "C:\Users\karel\OneDrive\Desktop\procesos_ronny\venv\Lib\site-packages\redis\client.py", line 663, in _execute_command
    conn = self.connection or pool.get_connection()
                              ^^^^^^^^^^^^^^^^^^^^^
  File "C:\Users\karel\OneDrive\Desktop\procesos_ronny\venv\Lib\site-packages\redis\utils.py", line 196, in wrapper
    return func(*args, **kwargs)
           ^^^^^^^^^^^^^^^^^^^^^
  File "C:\Users\karel\OneDrive\Desktop\procesos_ronny\venv\Lib\site-packages\redis\connection.py", line 2601, in get_connection
    connection.connect()
  File "C:\Users\karel\OneDrive\Desktop\procesos_ronny\venv\Lib\site-packages\redis\connection.py", line 846, in connect
    self.connect_check_health(check_health=True)
  File "C:\Users\karel\OneDrive\Desktop\procesos_ronny\venv\Lib\site-packages\redis\connection.py", line 863, in connect_check_health
    raise ConnectionError(self._error_message(e))
redis.exceptions.ConnectionError: Error 10061 connecting to 127.0.0.1:6379. No se puede establecer una conexión ya que el equipo de destino denegó expresamente dicha conexión.
ERROR 2025-11-08 21:17:04,941 log 25572 26216 Internal Server Error: /favicon.ico
Traceback (most recent call last):
  File "C:\Users\karel\OneDrive\Desktop\procesos_ronny\venv\Lib\site-packages\django_redis\cache.py", line 29, in _decorator
    return method(self, *args, **kwargs)
           ^^^^^^^^^^^^^^^^^^^^^^^^^^^^^
  File "C:\Users\karel\OneDrive\Desktop\procesos_ronny\venv\Lib\site-packages\django_redis\cache.py", line 99, in _get
    return self.client.get(key, default=default, version=version, client=client)
           ^^^^^^^^^^^^^^^^^^^^^^^^^^^^^^^^^^^^^^^^^^^^^^^^^^^^^^^^^^^^^^^^^^^^^
  File "C:\Users\karel\OneDrive\Desktop\procesos_ronny\venv\Lib\site-packages\django_redis\client\default.py", line 300, in get
    raise ConnectionInterrupted(connection=client) from e
django_redis.exceptions.ConnectionInterrupted: Redis ConnectionError: Error 10061 connecting to 127.0.0.1:6379. No se puede establecer una conexión ya que el equipo de destino denegó expresamente dicha conexión.

During handling of the above exception, another exception occurred:

Traceback (most recent call last):
  File "C:\Users\karel\OneDrive\Desktop\procesos_ronny\venv\Lib\site-packages\django\core\handlers\exception.py", line 55, in inner
    response = get_response(request)
               ^^^^^^^^^^^^^^^^^^^^^
  File "C:\Users\karel\OneDrive\Desktop\procesos_ronny\venv\Lib\site-packages\django\utils\deprecation.py", line 119, in __call__
    response = self.process_request(request)
               ^^^^^^^^^^^^^^^^^^^^^^^^^^^^^
  File "C:\Users\karel\OneDrive\Desktop\procesos_ronny\ecuador_turismo\middleware.py", line 125, in process_request
    current_requests = cache.get(cache_key, 0)
                       ^^^^^^^^^^^^^^^^^^^^^^^
  File "C:\Users\karel\OneDrive\Desktop\procesos_ronny\venv\Lib\site-packages\django_redis\cache.py", line 92, in get
    value = self._get(key, default, version, client)
            ^^^^^^^^^^^^^^^^^^^^^^^^^^^^^^^^^^^^^^^^
  File "C:\Users\karel\OneDrive\Desktop\procesos_ronny\venv\Lib\site-packages\django_redis\cache.py", line 36, in _decorator
    raise e.__cause__  # noqa: B904
    ^^^^^^^^^^^^^^^^^
  File "C:\Users\karel\OneDrive\Desktop\procesos_ronny\venv\Lib\site-packages\django_redis\client\default.py", line 298, in get
    value = client.get(key)
            ^^^^^^^^^^^^^^^
  File "C:\Users\karel\OneDrive\Desktop\procesos_ronny\venv\Lib\site-packages\redis\commands\core.py", line 1834, in get
    return self.execute_command("GET", name, keys=[name])
           ^^^^^^^^^^^^^^^^^^^^^^^^^^^^^^^^^^^^^^^^^^^^^^
  File "C:\Users\karel\OneDrive\Desktop\procesos_ronny\venv\Lib\site-packages\redis\client.py", line 657, in execute_command
    return self._execute_command(*args, **options)
           ^^^^^^^^^^^^^^^^^^^^^^^^^^^^^^^^^^^^^^^
  File "C:\Users\karel\OneDrive\Desktop\procesos_ronny\venv\Lib\site-packages\redis\client.py", line 663, in _execute_command
    conn = self.connection or pool.get_connection()
                              ^^^^^^^^^^^^^^^^^^^^^
  File "C:\Users\karel\OneDrive\Desktop\procesos_ronny\venv\Lib\site-packages\redis\utils.py", line 196, in wrapper
    return func(*args, **kwargs)
           ^^^^^^^^^^^^^^^^^^^^^
  File "C:\Users\karel\OneDrive\Desktop\procesos_ronny\venv\Lib\site-packages\redis\connection.py", line 2601, in get_connection
    connection.connect()
  File "C:\Users\karel\OneDrive\Desktop\procesos_ronny\venv\Lib\site-packages\redis\connection.py", line 846, in connect
    self.connect_check_health(check_health=True)
  File "C:\Users\karel\OneDrive\Desktop\procesos_ronny\venv\Lib\site-packages\redis\connection.py", line 863, in connect_check_health
    raise ConnectionError(self._error_message(e))
redis.exceptions.ConnectionError: Error 10061 connecting to 127.0.0.1:6379. No se puede establecer una conexión ya que el equipo de destino denegó expresamente dicha conexión.
ERROR 2025-11-08 21:18:14,169 log 22704 9108 Internal Server Error: /
Traceback (most recent call last):
  File "C:\Users\karel\OneDrive\Desktop\procesos_ronny\venv\Lib\site-packages\django\core\handlers\exception.py", line 55, in inner
    response = get_response(request)
               ^^^^^^^^^^^^^^^^^^^^^
  File "C:\Users\karel\OneDrive\Desktop\procesos_ronny\venv\Lib\site-packages\django\utils\deprecation.py", line 115, in __call__
    if self.async_mode:
       ^^^^^^^^^^^^^^^
AttributeError: 'URLEncryptionMiddleware' object has no attribute 'async_mode'
ERROR 2025-11-08 21:18:14,299 log 22704 9108 Internal Server Error: /favicon.ico
Traceback (most recent call last):
  File "C:\Users\karel\OneDrive\Desktop\procesos_ronny\venv\Lib\site-packages\django\core\handlers\exception.py", line 55, in inner
    response = get_response(request)
               ^^^^^^^^^^^^^^^^^^^^^
  File "C:\Users\karel\OneDrive\Desktop\procesos_ronny\venv\Lib\site-packages\django\utils\deprecation.py", line 115, in __call__
    if self.async_mode:
       ^^^^^^^^^^^^^^^
AttributeError: 'URLEncryptionMiddleware' object has no attribute 'async_mode'
ERROR 2025-11-08 21:18:33,771 log 20212 18624 Internal Server Error: /
Traceback (most recent call last):
  File "C:\Users\karel\OneDrive\Desktop\procesos_ronny\venv\Lib\site-packages\django\core\handlers\exception.py", line 55, in inner
    response = get_response(request)
               ^^^^^^^^^^^^^^^^^^^^^
  File "C:\Users\karel\OneDrive\Desktop\procesos_ronny\venv\Lib\site-packages\django\utils\deprecation.py", line 115, in __call__
    if self.async_mode:
       ^^^^^^^^^^^^^^^
AttributeError: 'URLEncryptionMiddleware' object has no attribute 'async_mode'
ERROR 2025-11-08 21:18:33,830 log 20212 18624 Internal Server Error: /favicon.ico
Traceback (most recent call last):
  File "C:\Users\karel\OneDrive\Desktop\procesos_ronny\venv\Lib\site-packages\django\core\handlers\exception.py", line 55, in inner
    response = get_response(request)
               ^^^^^^^^^^^^^^^^^^^^^
  File "C:\Users\karel\OneDrive\Desktop\procesos_ronny\venv\Lib\site-packages\django\utils\deprecation.py", line 115, in __call__
    if self.async_mode:
       ^^^^^^^^^^^^^^^
AttributeError: 'URLEncryptionMiddleware' object has no attribute 'async_mode'
ERROR 2025-11-08 21:18:35,123 log 20212 18624 Internal Server Error: /
Traceback (most recent call last):
  File "C:\Users\karel\OneDrive\Desktop\procesos_ronny\venv\Lib\site-packages\django\core\handlers\exception.py", line 55, in inner
    response = get_response(request)
               ^^^^^^^^^^^^^^^^^^^^^
  File "C:\Users\karel\OneDrive\Desktop\procesos_ronny\venv\Lib\site-packages\django\utils\deprecation.py", line 115, in __call__
    if self.async_mode:
       ^^^^^^^^^^^^^^^
AttributeError: 'URLEncryptionMiddleware' object has no attribute 'async_mode'
ERROR 2025-11-08 21:18:35,199 log 20212 9324 Internal Server Error: /favicon.ico
Traceback (most recent call last):
  File "C:\Users\karel\OneDrive\Desktop\procesos_ronny\venv\Lib\site-packages\django\core\handlers\exception.py", line 55, in inner
    response = get_response(request)
               ^^^^^^^^^^^^^^^^^^^^^
  File "C:\Users\karel\OneDrive\Desktop\procesos_ronny\venv\Lib\site-packages\django\utils\deprecation.py", line 115, in __call__
    if self.async_mode:
       ^^^^^^^^^^^^^^^
AttributeError: 'URLEncryptionMiddleware' object has no attribute 'async_mode'
ERROR 2025-11-08 21:18:37,215 log 20212 9324 Internal Server Error: /
Traceback (most recent call last):
  File "C:\Users\karel\OneDrive\Desktop\procesos_ronny\venv\Lib\site-packages\django\core\handlers\exception.py", line 55, in inner
    response = get_response(request)
               ^^^^^^^^^^^^^^^^^^^^^
  File "C:\Users\karel\OneDrive\Desktop\procesos_ronny\venv\Lib\site-packages\django\utils\deprecation.py", line 115, in __call__
    if self.async_mode:
       ^^^^^^^^^^^^^^^
AttributeError: 'URLEncryptionMiddleware' object has no attribute 'async_mode'
ERROR 2025-11-08 21:18:37,274 log 20212 9324 Internal Server Error: /favicon.ico
Traceback (most recent call last):
  File "C:\Users\karel\OneDrive\Desktop\procesos_ronny\venv\Lib\site-packages\django\core\handlers\exception.py", line 55, in inner
    response = get_response(request)
               ^^^^^^^^^^^^^^^^^^^^^
  File "C:\Users\karel\OneDrive\Desktop\procesos_ronny\venv\Lib\site-packages\django\utils\deprecation.py", line 115, in __call__
    if self.async_mode:
       ^^^^^^^^^^^^^^^
AttributeError: 'URLEncryptionMiddleware' object has no attribute 'async_mode'
ERROR 2025-11-08 21:19:09,086 log 20212 20440 Internal Server Error: /
Traceback (most recent call last):
  File "C:\Users\karel\OneDrive\Desktop\procesos_ronny\venv\Lib\site-packages\django\core\handlers\exception.py", line 55, in inner
    response = get_response(request)
               ^^^^^^^^^^^^^^^^^^^^^
  File "C:\Users\karel\OneDrive\Desktop\procesos_ronny\venv\Lib\site-packages\django\utils\deprecation.py", line 115, in __call__
    if self.async_mode:
       ^^^^^^^^^^^^^^^
AttributeError: 'URLEncryptionMiddleware' object has no attribute 'async_mode'
ERROR 2025-11-08 21:19:09,196 log 20212 20440 Internal Server Error: /favicon.ico
Traceback (most recent call last):
  File "C:\Users\karel\OneDrive\Desktop\procesos_ronny\venv\Lib\site-packages\django\core\handlers\exception.py", line 55, in inner
    response = get_response(request)
               ^^^^^^^^^^^^^^^^^^^^^
  File "C:\Users\karel\OneDrive\Desktop\procesos_ronny\venv\Lib\site-packages\django\utils\deprecation.py", line 115, in __call__
    if self.async_mode:
       ^^^^^^^^^^^^^^^
AttributeError: 'URLEncryptionMiddleware' object has no attribute 'async_mode'
ERROR 2025-11-08 21:19:10,231 log 20212 20440 Internal Server Error: /
Traceback (most recent call last):
  File "C:\Users\karel\OneDrive\Desktop\procesos_ronny\venv\Lib\site-packages\django\core\handlers\exception.py", line 55, in inner
    response = get_response(request)
               ^^^^^^^^^^^^^^^^^^^^^
  File "C:\Users\karel\OneDrive\Desktop\procesos_ronny\venv\Lib\site-packages\django\utils\deprecation.py", line 115, in __call__
    if self.async_mode:
       ^^^^^^^^^^^^^^^
AttributeError: 'URLEncryptionMiddleware' object has no attribute 'async_mode'
ERROR 2025-11-08 21:19:10,284 log 20212 20440 Internal Server Error: /favicon.ico
Traceback (most recent call last):
  File "C:\Users\karel\OneDrive\Desktop\procesos_ronny\venv\Lib\site-packages\django\core\handlers\exception.py", line 55, in inner
    response = get_response(request)
               ^^^^^^^^^^^^^^^^^^^^^
  File "C:\Users\karel\OneDrive\Desktop\procesos_ronny\venv\Lib\site-packages\django\utils\deprecation.py", line 115, in __call__
    if self.async_mode:
       ^^^^^^^^^^^^^^^
AttributeError: 'URLEncryptionMiddleware' object has no attribute 'async_mode'
ERROR 2025-11-08 21:19:40,750 log 8488 15760 Internal Server Error: /
Traceback (most recent call last):
  File "C:\Users\karel\OneDrive\Desktop\procesos_ronny\venv\Lib\site-packages\django\core\handlers\exception.py", line 55, in inner
    response = get_response(request)
               ^^^^^^^^^^^^^^^^^^^^^
  File "C:\Users\karel\OneDrive\Desktop\procesos_ronny\venv\Lib\site-packages\django\utils\deprecation.py", line 115, in __call__
    if self.async_mode:
       ^^^^^^^^^^^^^^^
AttributeError: 'URLEncryptionMiddleware' object has no attribute 'async_mode'
ERROR 2025-11-08 21:19:40,870 log 8488 15760 Internal Server Error: /favicon.ico
Traceback (most recent call last):
  File "C:\Users\karel\OneDrive\Desktop\procesos_ronny\venv\Lib\site-packages\django\core\handlers\exception.py", line 55, in inner
    response = get_response(request)
               ^^^^^^^^^^^^^^^^^^^^^
  File "C:\Users\karel\OneDrive\Desktop\procesos_ronny\venv\Lib\site-packages\django\utils\deprecation.py", line 115, in __call__
    if self.async_mode:
       ^^^^^^^^^^^^^^^
AttributeError: 'URLEncryptionMiddleware' object has no attribute 'async_mode'
ERROR 2025-11-08 21:26:50,221 log 16376 6464 Internal Server Error: /chatbot/message/
ERROR 2025-11-08 21:27:50,366 log 16376 5048 Internal Server Error: /chatbot/message/
ERROR 2025-11-08 21:27:57,780 log 16376 5048 Internal Server Error: /chatbot/message/
ERROR 2025-11-08 21:30:43,081 log 8280 20768 Internal Server Error: /chatbot/message/
ERROR 2025-11-09 00:50:08,635 log 24780 26032 Internal Server Error: /reservas/proveedor/completar/11/
Traceback (most recent call last):
  File "C:\Users\karel\OneDrive\Desktop\procesos_ronny\venv\Lib\site-packages\django\db\backends\utils.py", line 105, in _execute
    return self.cursor.execute(sql, params)
           ^^^^^^^^^^^^^^^^^^^^^^^^^^^^^^^^
psycopg2.errors.UndefinedTable: relation "reservas_reserva" does not exist
LINE 3:             FROM reservas_reserva r 
                         ^


The above exception was the direct cause of the following exception:

Traceback (most recent call last):
  File "C:\Users\karel\OneDrive\Desktop\procesos_ronny\venv\Lib\site-packages\django\core\handlers\exception.py", line 55, in inner
    response = get_response(request)
               ^^^^^^^^^^^^^^^^^^^^^
  File "C:\Users\karel\OneDrive\Desktop\procesos_ronny\venv\Lib\site-packages\django\core\handlers\base.py", line 197, in _get_response
    response = wrapped_callback(request, *callback_args, **callback_kwargs)
               ^^^^^^^^^^^^^^^^^^^^^^^^^^^^^^^^^^^^^^^^^^^^^^^^^^^^^^^^^^^^
  File "C:\Users\karel\AppData\Local\Programs\Python\Python312\Lib\contextlib.py", line 81, in inner
    return func(*args, **kwds)
           ^^^^^^^^^^^^^^^^^^^
  File "C:\Users\karel\OneDrive\Desktop\procesos_ronny\venv\Lib\site-packages\django\views\decorators\cache.py", line 80, in _view_wrapper
    response = view_func(request, *args, **kwargs)
               ^^^^^^^^^^^^^^^^^^^^^^^^^^^^^^^^^^^
  File "C:\Users\karel\OneDrive\Desktop\procesos_ronny\venv\Lib\site-packages\django\contrib\auth\decorators.py", line 59, in _view_wrapper
    return view_func(request, *args, **kwargs)
           ^^^^^^^^^^^^^^^^^^^^^^^^^^^^^^^^^^^
  File "C:\Users\karel\OneDrive\Desktop\procesos_ronny\apps\reservas\views.py", line 39, in wrapper
    return view_func(request, *args, **kwargs)
           ^^^^^^^^^^^^^^^^^^^^^^^^^^^^^^^^^^^
  File "C:\Users\karel\OneDrive\Desktop\procesos_ronny\venv\Lib\site-packages\django\views\decorators\http.py", line 64, in inner
    return func(request, *args, **kwargs)
           ^^^^^^^^^^^^^^^^^^^^^^^^^^^^^^
  File "C:\Users\karel\OneDrive\Desktop\procesos_ronny\apps\reservas\views.py", line 696, in completar_reserva_proveedor
    cursor.execute("""
  File "C:\Users\karel\OneDrive\Desktop\procesos_ronny\venv\Lib\site-packages\django\db\backends\utils.py", line 122, in execute
    return super().execute(sql, params)
           ^^^^^^^^^^^^^^^^^^^^^^^^^^^^
  File "C:\Users\karel\OneDrive\Desktop\procesos_ronny\venv\Lib\site-packages\django\db\backends\utils.py", line 79, in execute
    return self._execute_with_wrappers(
           ^^^^^^^^^^^^^^^^^^^^^^^^^^^^
  File "C:\Users\karel\OneDrive\Desktop\procesos_ronny\venv\Lib\site-packages\django\db\backends\utils.py", line 92, in _execute_with_wrappers
    return executor(sql, params, many, context)
           ^^^^^^^^^^^^^^^^^^^^^^^^^^^^^^^^^^^^
  File "C:\Users\karel\OneDrive\Desktop\procesos_ronny\venv\Lib\site-packages\django\db\backends\utils.py", line 100, in _execute
    with self.db.wrap_database_errors:
  File "C:\Users\karel\OneDrive\Desktop\procesos_ronny\venv\Lib\site-packages\django\db\utils.py", line 91, in __exit__
    raise dj_exc_value.with_traceback(traceback) from exc_value
  File "C:\Users\karel\OneDrive\Desktop\procesos_ronny\venv\Lib\site-packages\django\db\backends\utils.py", line 105, in _execute
    return self.cursor.execute(sql, params)
           ^^^^^^^^^^^^^^^^^^^^^^^^^^^^^^^^
django.db.utils.ProgrammingError: relation "reservas_reserva" does not exist
LINE 3:             FROM reservas_reserva r 
                         ^

ERROR 2025-11-09 00:50:16,636 log 24780 26032 Internal Server Error: /reservas/proveedor/completar/11/
Traceback (most recent call last):
  File "C:\Users\karel\OneDrive\Desktop\procesos_ronny\venv\Lib\site-packages\django\db\backends\utils.py", line 105, in _execute
    return self.cursor.execute(sql, params)
           ^^^^^^^^^^^^^^^^^^^^^^^^^^^^^^^^
psycopg2.errors.UndefinedTable: relation "reservas_reserva" does not exist
LINE 3:             FROM reservas_reserva r 
                         ^


The above exception was the direct cause of the following exception:

Traceback (most recent call last):
  File "C:\Users\karel\OneDrive\Desktop\procesos_ronny\venv\Lib\site-packages\django\core\handlers\exception.py", line 55, in inner
    response = get_response(request)
               ^^^^^^^^^^^^^^^^^^^^^
  File "C:\Users\karel\OneDrive\Desktop\procesos_ronny\venv\Lib\site-packages\django\core\handlers\base.py", line 197, in _get_response
    response = wrapped_callback(request, *callback_args, **callback_kwargs)
               ^^^^^^^^^^^^^^^^^^^^^^^^^^^^^^^^^^^^^^^^^^^^^^^^^^^^^^^^^^^^
  File "C:\Users\karel\AppData\Local\Programs\Python\Python312\Lib\contextlib.py", line 81, in inner
    return func(*args, **kwds)
           ^^^^^^^^^^^^^^^^^^^
  File "C:\Users\karel\OneDrive\Desktop\procesos_ronny\venv\Lib\site-packages\django\views\decorators\cache.py", line 80, in _view_wrapper
    response = view_func(request, *args, **kwargs)
               ^^^^^^^^^^^^^^^^^^^^^^^^^^^^^^^^^^^
  File "C:\Users\karel\OneDrive\Desktop\procesos_ronny\venv\Lib\site-packages\django\contrib\auth\decorators.py", line 59, in _view_wrapper
    return view_func(request, *args, **kwargs)
           ^^^^^^^^^^^^^^^^^^^^^^^^^^^^^^^^^^^
  File "C:\Users\karel\OneDrive\Desktop\procesos_ronny\apps\reservas\views.py", line 39, in wrapper
    return view_func(request, *args, **kwargs)
           ^^^^^^^^^^^^^^^^^^^^^^^^^^^^^^^^^^^
  File "C:\Users\karel\OneDrive\Desktop\procesos_ronny\venv\Lib\site-packages\django\views\decorators\http.py", line 64, in inner
    return func(request, *args, **kwargs)
           ^^^^^^^^^^^^^^^^^^^^^^^^^^^^^^
  File "C:\Users\karel\OneDrive\Desktop\procesos_ronny\apps\reservas\views.py", line 696, in completar_reserva_proveedor
    cursor.execute("""
  File "C:\Users\karel\OneDrive\Desktop\procesos_ronny\venv\Lib\site-packages\django\db\backends\utils.py", line 122, in execute
    return super().execute(sql, params)
           ^^^^^^^^^^^^^^^^^^^^^^^^^^^^
  File "C:\Users\karel\OneDrive\Desktop\procesos_ronny\venv\Lib\site-packages\django\db\backends\utils.py", line 79, in execute
    return self._execute_with_wrappers(
           ^^^^^^^^^^^^^^^^^^^^^^^^^^^^
  File "C:\Users\karel\OneDrive\Desktop\procesos_ronny\venv\Lib\site-packages\django\db\backends\utils.py", line 92, in _execute_with_wrappers
    return executor(sql, params, many, context)
           ^^^^^^^^^^^^^^^^^^^^^^^^^^^^^^^^^^^^
  File "C:\Users\karel\OneDrive\Desktop\procesos_ronny\venv\Lib\site-packages\django\db\backends\utils.py", line 100, in _execute
    with self.db.wrap_database_errors:
  File "C:\Users\karel\OneDrive\Desktop\procesos_ronny\venv\Lib\site-packages\django\db\utils.py", line 91, in __exit__
    raise dj_exc_value.with_traceback(traceback) from exc_value
  File "C:\Users\karel\OneDrive\Desktop\procesos_ronny\venv\Lib\site-packages\django\db\backends\utils.py", line 105, in _execute
    return self.cursor.execute(sql, params)
           ^^^^^^^^^^^^^^^^^^^^^^^^^^^^^^^^
django.db.utils.ProgrammingError: relation "reservas_reserva" does not exist
LINE 3:             FROM reservas_reserva r 
                         ^

ERROR 2025-11-09 00:52:08,145 log 26208 24484 Internal Server Error: /reservas/proveedor/completar/11/
Traceback (most recent call last):
  File "C:\Users\karel\OneDrive\Desktop\procesos_ronny\venv\Lib\site-packages\django\db\backends\utils.py", line 105, in _execute
    return self.cursor.execute(sql, params)
           ^^^^^^^^^^^^^^^^^^^^^^^^^^^^^^^^
psycopg2.errors.UndefinedTable: relation "public.reservas_reserva" does not exist
LINE 3:             FROM public.reservas_reserva r 
                         ^


The above exception was the direct cause of the following exception:

Traceback (most recent call last):
  File "C:\Users\karel\OneDrive\Desktop\procesos_ronny\venv\Lib\site-packages\django\core\handlers\exception.py", line 55, in inner
    response = get_response(request)
               ^^^^^^^^^^^^^^^^^^^^^
  File "C:\Users\karel\OneDrive\Desktop\procesos_ronny\venv\Lib\site-packages\django\core\handlers\base.py", line 197, in _get_response
    response = wrapped_callback(request, *callback_args, **callback_kwargs)
               ^^^^^^^^^^^^^^^^^^^^^^^^^^^^^^^^^^^^^^^^^^^^^^^^^^^^^^^^^^^^
  File "C:\Users\karel\AppData\Local\Programs\Python\Python312\Lib\contextlib.py", line 81, in inner
    return func(*args, **kwds)
           ^^^^^^^^^^^^^^^^^^^
  File "C:\Users\karel\OneDrive\Desktop\procesos_ronny\venv\Lib\site-packages\django\views\decorators\cache.py", line 80, in _view_wrapper
    response = view_func(request, *args, **kwargs)
               ^^^^^^^^^^^^^^^^^^^^^^^^^^^^^^^^^^^
  File "C:\Users\karel\OneDrive\Desktop\procesos_ronny\venv\Lib\site-packages\django\contrib\auth\decorators.py", line 59, in _view_wrapper
    return view_func(request, *args, **kwargs)
           ^^^^^^^^^^^^^^^^^^^^^^^^^^^^^^^^^^^
  File "C:\Users\karel\OneDrive\Desktop\procesos_ronny\apps\reservas\views.py", line 39, in wrapper
    return view_func(request, *args, **kwargs)
           ^^^^^^^^^^^^^^^^^^^^^^^^^^^^^^^^^^^
  File "C:\Users\karel\OneDrive\Desktop\procesos_ronny\venv\Lib\site-packages\django\views\decorators\http.py", line 64, in inner
    return func(request, *args, **kwargs)
           ^^^^^^^^^^^^^^^^^^^^^^^^^^^^^^
  File "C:\Users\karel\OneDrive\Desktop\procesos_ronny\apps\reservas\views.py", line 696, in completar_reserva_proveedor
    cursor.execute("""
  File "C:\Users\karel\OneDrive\Desktop\procesos_ronny\venv\Lib\site-packages\django\db\backends\utils.py", line 122, in execute
    return super().execute(sql, params)
           ^^^^^^^^^^^^^^^^^^^^^^^^^^^^
  File "C:\Users\karel\OneDrive\Desktop\procesos_ronny\venv\Lib\site-packages\django\db\backends\utils.py", line 79, in execute
    return self._execute_with_wrappers(
           ^^^^^^^^^^^^^^^^^^^^^^^^^^^^
  File "C:\Users\karel\OneDrive\Desktop\procesos_ronny\venv\Lib\site-packages\django\db\backends\utils.py", line 92, in _execute_with_wrappers
    return executor(sql, params, many, context)
           ^^^^^^^^^^^^^^^^^^^^^^^^^^^^^^^^^^^^
  File "C:\Users\karel\OneDrive\Desktop\procesos_ronny\venv\Lib\site-packages\django\db\backends\utils.py", line 100, in _execute
    with self.db.wrap_database_errors:
  File "C:\Users\karel\OneDrive\Desktop\procesos_ronny\venv\Lib\site-packages\django\db\utils.py", line 91, in __exit__
    raise dj_exc_value.with_traceback(traceback) from exc_value
  File "C:\Users\karel\OneDrive\Desktop\procesos_ronny\venv\Lib\site-packages\django\db\backends\utils.py", line 105, in _execute
    return self.cursor.execute(sql, params)
           ^^^^^^^^^^^^^^^^^^^^^^^^^^^^^^^^
django.db.utils.ProgrammingError: relation "public.reservas_reserva" does not exist
LINE 3:             FROM public.reservas_reserva r 
                         ^

ERROR 2025-11-09 00:59:22,728 log 26276 6656 Internal Server Error: /reservas/proveedor/confirmar/15/
Traceback (most recent call last):
  File "C:\Users\karel\OneDrive\Desktop\procesos_ronny\venv\Lib\site-packages\django\db\backends\utils.py", line 105, in _execute
    return self.cursor.execute(sql, params)
           ^^^^^^^^^^^^^^^^^^^^^^^^^^^^^^^^
psycopg2.errors.UndefinedTable: relation "reservas_reserva" does not exist
LINE 3:             FROM reservas_reserva r 
                         ^


The above exception was the direct cause of the following exception:

Traceback (most recent call last):
  File "C:\Users\karel\OneDrive\Desktop\procesos_ronny\venv\Lib\site-packages\django\core\handlers\exception.py", line 55, in inner
    response = get_response(request)
               ^^^^^^^^^^^^^^^^^^^^^
  File "C:\Users\karel\OneDrive\Desktop\procesos_ronny\venv\Lib\site-packages\django\core\handlers\base.py", line 197, in _get_response
    response = wrapped_callback(request, *callback_args, **callback_kwargs)
               ^^^^^^^^^^^^^^^^^^^^^^^^^^^^^^^^^^^^^^^^^^^^^^^^^^^^^^^^^^^^
  File "C:\Users\karel\AppData\Local\Programs\Python\Python312\Lib\contextlib.py", line 81, in inner
    return func(*args, **kwds)
           ^^^^^^^^^^^^^^^^^^^
  File "C:\Users\karel\OneDrive\Desktop\procesos_ronny\venv\Lib\site-packages\django\views\decorators\cache.py", line 80, in _view_wrapper
    response = view_func(request, *args, **kwargs)
               ^^^^^^^^^^^^^^^^^^^^^^^^^^^^^^^^^^^
  File "C:\Users\karel\OneDrive\Desktop\procesos_ronny\venv\Lib\site-packages\django\contrib\auth\decorators.py", line 59, in _view_wrapper
    return view_func(request, *args, **kwargs)
           ^^^^^^^^^^^^^^^^^^^^^^^^^^^^^^^^^^^
  File "C:\Users\karel\OneDrive\Desktop\procesos_ronny\apps\reservas\views.py", line 39, in wrapper
    return view_func(request, *args, **kwargs)
           ^^^^^^^^^^^^^^^^^^^^^^^^^^^^^^^^^^^
  File "C:\Users\karel\OneDrive\Desktop\procesos_ronny\venv\Lib\site-packages\django\views\decorators\http.py", line 64, in inner
    return func(request, *args, **kwargs)
           ^^^^^^^^^^^^^^^^^^^^^^^^^^^^^^
  File "C:\Users\karel\OneDrive\Desktop\procesos_ronny\apps\reservas\views.py", line 613, in confirmar_reserva_proveedor
    cursor.execute("""
  File "C:\Users\karel\OneDrive\Desktop\procesos_ronny\venv\Lib\site-packages\django\db\backends\utils.py", line 122, in execute
    return super().execute(sql, params)
           ^^^^^^^^^^^^^^^^^^^^^^^^^^^^
  File "C:\Users\karel\OneDrive\Desktop\procesos_ronny\venv\Lib\site-packages\django\db\backends\utils.py", line 79, in execute
    return self._execute_with_wrappers(
           ^^^^^^^^^^^^^^^^^^^^^^^^^^^^
  File "C:\Users\karel\OneDrive\Desktop\procesos_ronny\venv\Lib\site-packages\django\db\backends\utils.py", line 92, in _execute_with_wrappers
    return executor(sql, params, many, context)
           ^^^^^^^^^^^^^^^^^^^^^^^^^^^^^^^^^^^^
  File "C:\Users\karel\OneDrive\Desktop\procesos_ronny\venv\Lib\site-packages\django\db\backends\utils.py", line 100, in _execute
    with self.db.wrap_database_errors:
  File "C:\Users\karel\OneDrive\Desktop\procesos_ronny\venv\Lib\site-packages\django\db\utils.py", line 91, in __exit__
    raise dj_exc_value.with_traceback(traceback) from exc_value
  File "C:\Users\karel\OneDrive\Desktop\procesos_ronny\venv\Lib\site-packages\django\db\backends\utils.py", line 105, in _execute
    return self.cursor.execute(sql, params)
           ^^^^^^^^^^^^^^^^^^^^^^^^^^^^^^^^
django.db.utils.ProgrammingError: relation "reservas_reserva" does not exist
LINE 3:             FROM reservas_reserva r 
                         ^

ERROR 2025-11-09 01:10:48,325 log 11220 3508 Internal Server Error: /reservas/proveedor/confirmar/15/
ERROR 2025-11-09 01:11:20,525 log 10500 9368 Internal Server Error: /reservas/proveedor/confirmar/15/
ERROR 2025-11-09 01:21:20,085 log 20196 26228 Internal Server Error: /reservas/carrito/
Traceback (most recent call last):
  File "C:\Users\karel\OneDrive\Desktop\procesos_ronny\venv\Lib\site-packages\django\contrib\sessions\backends\base.py", line 244, in _get_session
    return self._session_cache
           ^^^^^^^^^^^^^^^^^^^
AttributeError: 'SessionStore' object has no attribute '_session_cache'

During handling of the above exception, another exception occurred:

Traceback (most recent call last):
  File "C:\Users\karel\OneDrive\Desktop\procesos_ronny\venv\Lib\site-packages\django\utils\module_loading.py", line 30, in import_string
    return cached_import(module_path, class_name)
           ^^^^^^^^^^^^^^^^^^^^^^^^^^^^^^^^^^^^^^
  File "C:\Users\karel\OneDrive\Desktop\procesos_ronny\venv\Lib\site-packages\django\utils\module_loading.py", line 16, in cached_import
    return getattr(module, class_name)
           ^^^^^^^^^^^^^^^^^^^^^^^^^^^
AttributeError: module 'redis.connection' has no attribute 'HiredisParser'. Did you mean: '_HiredisParser'?

The above exception was the direct cause of the following exception:

Traceback (most recent call last):
  File "C:\Users\karel\OneDrive\Desktop\procesos_ronny\venv\Lib\site-packages\django\core\handlers\exception.py", line 55, in inner
    response = get_response(request)
               ^^^^^^^^^^^^^^^^^^^^^
  File "C:\Users\karel\OneDrive\Desktop\procesos_ronny\venv\Lib\site-packages\django\core\handlers\base.py", line 197, in _get_response
    response = wrapped_callback(request, *callback_args, **callback_kwargs)
               ^^^^^^^^^^^^^^^^^^^^^^^^^^^^^^^^^^^^^^^^^^^^^^^^^^^^^^^^^^^^
  File "C:\Users\karel\AppData\Local\Programs\Python\Python312\Lib\contextlib.py", line 81, in inner
    return func(*args, **kwds)
           ^^^^^^^^^^^^^^^^^^^
  File "C:\Users\karel\OneDrive\Desktop\procesos_ronny\venv\Lib\site-packages\django\contrib\auth\decorators.py", line 56, in _view_wrapper
    test_pass = test_func(request.user)
                ^^^^^^^^^^^^^^^^^^^^^^^
  File "C:\Users\karel\OneDrive\Desktop\procesos_ronny\venv\Lib\site-packages\django\contrib\auth\decorators.py", line 79, in <lambda>
    lambda u: u.is_authenticated,
              ^^^^^^^^^^^^^^^^^^
  File "C:\Users\karel\OneDrive\Desktop\procesos_ronny\venv\Lib\site-packages\django\utils\functional.py", line 251, in inner
    self._setup()
  File "C:\Users\karel\OneDrive\Desktop\procesos_ronny\venv\Lib\site-packages\django\utils\functional.py", line 404, in _setup
    self._wrapped = self._setupfunc()
                    ^^^^^^^^^^^^^^^^^
  File "C:\Users\karel\OneDrive\Desktop\procesos_ronny\venv\Lib\site-packages\django\contrib\auth\middleware.py", line 40, in <lambda>
    request.user = SimpleLazyObject(lambda: get_user(request))
                                            ^^^^^^^^^^^^^^^^^
  File "C:\Users\karel\OneDrive\Desktop\procesos_ronny\venv\Lib\site-packages\django\contrib\auth\middleware.py", line 20, in get_user
    request._cached_user = auth.get_user(request)
                           ^^^^^^^^^^^^^^^^^^^^^^
  File "C:\Users\karel\OneDrive\Desktop\procesos_ronny\venv\Lib\site-packages\django\contrib\auth\__init__.py", line 304, in get_user
    user_id = _get_user_session_key(request)
              ^^^^^^^^^^^^^^^^^^^^^^^^^^^^^^
  File "C:\Users\karel\OneDrive\Desktop\procesos_ronny\venv\Lib\site-packages\django\contrib\auth\__init__.py", line 95, in _get_user_session_key
    return get_user_model()._meta.pk.to_python(request.session[SESSION_KEY])
                                               ~~~~~~~~~~~~~~~^^^^^^^^^^^^^
  File "C:\Users\karel\OneDrive\Desktop\procesos_ronny\venv\Lib\site-packages\django\contrib\sessions\backends\base.py", line 55, in __getitem__
    return self._session[key]
           ^^^^^^^^^^^^^
  File "C:\Users\karel\OneDrive\Desktop\procesos_ronny\venv\Lib\site-packages\django\contrib\sessions\backends\base.py", line 249, in _get_session
    self._session_cache = self.load()
                          ^^^^^^^^^^^
  File "C:\Users\karel\OneDrive\Desktop\procesos_ronny\venv\Lib\site-packages\django\contrib\sessions\backends\cached_db.py", line 46, in load
    self._cache.set(
  File "C:\Users\karel\OneDrive\Desktop\procesos_ronny\venv\Lib\site-packages\django_redis\cache.py", line 29, in _decorator
    return method(self, *args, **kwargs)
           ^^^^^^^^^^^^^^^^^^^^^^^^^^^^^
  File "C:\Users\karel\OneDrive\Desktop\procesos_ronny\venv\Lib\site-packages\django_redis\cache.py", line 81, in set
    return self.client.set(*args, **kwargs)
           ^^^^^^^^^^^^^^^^^^^^^^^^^^^^^^^^
  File "C:\Users\karel\OneDrive\Desktop\procesos_ronny\venv\Lib\site-packages\django_redis\client\default.py", line 196, in set
    client, index = self.get_client_with_index(write=True, tried=tried)
                    ^^^^^^^^^^^^^^^^^^^^^^^^^^^^^^^^^^^^^^^^^^^^^^^^^^^
  File "C:\Users\karel\OneDrive\Desktop\procesos_ronny\venv\Lib\site-packages\django_redis\client\default.py", line 147, in get_client_with_index
    self._clients[index] = self.connect(index)
                           ^^^^^^^^^^^^^^^^^^^
  File "C:\Users\karel\OneDrive\Desktop\procesos_ronny\venv\Lib\site-packages\django_redis\client\default.py", line 157, in connect
    return self.connection_factory.connect(self._server[index])
           ^^^^^^^^^^^^^^^^^^^^^^^^^^^^^^^^^^^^^^^^^^^^^^^^^^^^
  File "C:\Users\karel\OneDrive\Desktop\procesos_ronny\venv\Lib\site-packages\django_redis\pool.py", line 69, in connect
    params = self.make_connection_params(url)
             ^^^^^^^^^^^^^^^^^^^^^^^^^^^^^^^^
  File "C:\Users\karel\OneDrive\Desktop\procesos_ronny\venv\Lib\site-packages\django_redis\pool.py", line 41, in make_connection_params
    "parser_class": self.get_parser_cls(),
                    ^^^^^^^^^^^^^^^^^^^^^
  File "C:\Users\karel\OneDrive\Desktop\procesos_ronny\venv\Lib\site-packages\django_redis\pool.py", line 97, in get_parser_cls
    return import_string(cls)
           ^^^^^^^^^^^^^^^^^^
  File "C:\Users\karel\OneDrive\Desktop\procesos_ronny\venv\Lib\site-packages\django\utils\module_loading.py", line 32, in import_string
    raise ImportError(
ImportError: Module "redis.connection" does not define a "HiredisParser" attribute/class
ERROR 2025-11-09 01:21:20,415 log 20196 26228 Internal Server Error: /reservas/carrito/
Traceback (most recent call last):
  File "C:\Users\karel\OneDrive\Desktop\procesos_ronny\venv\Lib\site-packages\django\contrib\sessions\backends\base.py", line 244, in _get_session
    return self._session_cache
           ^^^^^^^^^^^^^^^^^^^
AttributeError: 'SessionStore' object has no attribute '_session_cache'

During handling of the above exception, another exception occurred:

Traceback (most recent call last):
  File "C:\Users\karel\OneDrive\Desktop\procesos_ronny\venv\Lib\site-packages\django\utils\module_loading.py", line 30, in import_string
    return cached_import(module_path, class_name)
           ^^^^^^^^^^^^^^^^^^^^^^^^^^^^^^^^^^^^^^
  File "C:\Users\karel\OneDrive\Desktop\procesos_ronny\venv\Lib\site-packages\django\utils\module_loading.py", line 16, in cached_import
    return getattr(module, class_name)
           ^^^^^^^^^^^^^^^^^^^^^^^^^^^
AttributeError: module 'redis.connection' has no attribute 'HiredisParser'. Did you mean: '_HiredisParser'?

The above exception was the direct cause of the following exception:

Traceback (most recent call last):
  File "C:\Users\karel\OneDrive\Desktop\procesos_ronny\venv\Lib\site-packages\django\core\handlers\exception.py", line 55, in inner
    response = get_response(request)
               ^^^^^^^^^^^^^^^^^^^^^
  File "C:\Users\karel\OneDrive\Desktop\procesos_ronny\venv\Lib\site-packages\django\utils\deprecation.py", line 122, in __call__
    response = self.process_response(request, response)
               ^^^^^^^^^^^^^^^^^^^^^^^^^^^^^^^^^^^^^^^^
  File "C:\Users\karel\OneDrive\Desktop\procesos_ronny\venv\Lib\site-packages\django\contrib\sessions\middleware.py", line 48, in process_response
    if request.session.get_expire_at_browser_close():
       ^^^^^^^^^^^^^^^^^^^^^^^^^^^^^^^^^^^^^^^^^^^^^
  File "C:\Users\karel\OneDrive\Desktop\procesos_ronny\venv\Lib\site-packages\django\contrib\sessions\backends\base.py", line 403, in get_expire_at_browser_close
    if (expiry := self.get("_session_expiry")) is None:
                  ^^^^^^^^^^^^^^^^^^^^^^^^^^^
  File "C:\Users\karel\OneDrive\Desktop\procesos_ronny\venv\Lib\site-packages\django\contrib\sessions\backends\base.py", line 74, in get
    return self._session.get(key, default)
           ^^^^^^^^^^^^^
  File "C:\Users\karel\OneDrive\Desktop\procesos_ronny\venv\Lib\site-packages\django\contrib\sessions\backends\base.py", line 249, in _get_session
    self._session_cache = self.load()
                          ^^^^^^^^^^^
  File "C:\Users\karel\OneDrive\Desktop\procesos_ronny\venv\Lib\site-packages\django\contrib\sessions\backends\cached_db.py", line 46, in load
    self._cache.set(
  File "C:\Users\karel\OneDrive\Desktop\procesos_ronny\venv\Lib\site-packages\django_redis\cache.py", line 29, in _decorator
    return method(self, *args, **kwargs)
           ^^^^^^^^^^^^^^^^^^^^^^^^^^^^^
  File "C:\Users\karel\OneDrive\Desktop\procesos_ronny\venv\Lib\site-packages\django_redis\cache.py", line 81, in set
    return self.client.set(*args, **kwargs)
           ^^^^^^^^^^^^^^^^^^^^^^^^^^^^^^^^
  File "C:\Users\karel\OneDrive\Desktop\procesos_ronny\venv\Lib\site-packages\django_redis\client\default.py", line 196, in set
    client, index = self.get_client_with_index(write=True, tried=tried)
                    ^^^^^^^^^^^^^^^^^^^^^^^^^^^^^^^^^^^^^^^^^^^^^^^^^^^
  File "C:\Users\karel\OneDrive\Desktop\procesos_ronny\venv\Lib\site-packages\django_redis\client\default.py", line 147, in get_client_with_index
    self._clients[index] = self.connect(index)
                           ^^^^^^^^^^^^^^^^^^^
  File "C:\Users\karel\OneDrive\Desktop\procesos_ronny\venv\Lib\site-packages\django_redis\client\default.py", line 157, in connect
    return self.connection_factory.connect(self._server[index])
           ^^^^^^^^^^^^^^^^^^^^^^^^^^^^^^^^^^^^^^^^^^^^^^^^^^^^
  File "C:\Users\karel\OneDrive\Desktop\procesos_ronny\venv\Lib\site-packages\django_redis\pool.py", line 69, in connect
    params = self.make_connection_params(url)
             ^^^^^^^^^^^^^^^^^^^^^^^^^^^^^^^^
  File "C:\Users\karel\OneDrive\Desktop\procesos_ronny\venv\Lib\site-packages\django_redis\pool.py", line 41, in make_connection_params
    "parser_class": self.get_parser_cls(),
                    ^^^^^^^^^^^^^^^^^^^^^
  File "C:\Users\karel\OneDrive\Desktop\procesos_ronny\venv\Lib\site-packages\django_redis\pool.py", line 97, in get_parser_cls
    return import_string(cls)
           ^^^^^^^^^^^^^^^^^^
  File "C:\Users\karel\OneDrive\Desktop\procesos_ronny\venv\Lib\site-packages\django\utils\module_loading.py", line 32, in import_string
    raise ImportError(
ImportError: Module "redis.connection" does not define a "HiredisParser" attribute/class
ERROR 2025-11-09 01:21:31,072 log 20196 24252 Internal Server Error: /reservas/carrito/
Traceback (most recent call last):
  File "C:\Users\karel\OneDrive\Desktop\procesos_ronny\venv\Lib\site-packages\django\contrib\sessions\backends\base.py", line 244, in _get_session
    return self._session_cache
           ^^^^^^^^^^^^^^^^^^^
AttributeError: 'SessionStore' object has no attribute '_session_cache'

During handling of the above exception, another exception occurred:

Traceback (most recent call last):
  File "C:\Users\karel\OneDrive\Desktop\procesos_ronny\venv\Lib\site-packages\django\utils\module_loading.py", line 30, in import_string
    return cached_import(module_path, class_name)
           ^^^^^^^^^^^^^^^^^^^^^^^^^^^^^^^^^^^^^^
  File "C:\Users\karel\OneDrive\Desktop\procesos_ronny\venv\Lib\site-packages\django\utils\module_loading.py", line 16, in cached_import
    return getattr(module, class_name)
           ^^^^^^^^^^^^^^^^^^^^^^^^^^^
AttributeError: module 'redis.connection' has no attribute 'HiredisParser'. Did you mean: '_HiredisParser'?

The above exception was the direct cause of the following exception:

Traceback (most recent call last):
  File "C:\Users\karel\OneDrive\Desktop\procesos_ronny\venv\Lib\site-packages\django\core\handlers\exception.py", line 55, in inner
    response = get_response(request)
               ^^^^^^^^^^^^^^^^^^^^^
  File "C:\Users\karel\OneDrive\Desktop\procesos_ronny\venv\Lib\site-packages\django\core\handlers\base.py", line 197, in _get_response
    response = wrapped_callback(request, *callback_args, **callback_kwargs)
               ^^^^^^^^^^^^^^^^^^^^^^^^^^^^^^^^^^^^^^^^^^^^^^^^^^^^^^^^^^^^
  File "C:\Users\karel\AppData\Local\Programs\Python\Python312\Lib\contextlib.py", line 81, in inner
    return func(*args, **kwds)
           ^^^^^^^^^^^^^^^^^^^
  File "C:\Users\karel\OneDrive\Desktop\procesos_ronny\venv\Lib\site-packages\django\contrib\auth\decorators.py", line 56, in _view_wrapper
    test_pass = test_func(request.user)
                ^^^^^^^^^^^^^^^^^^^^^^^
  File "C:\Users\karel\OneDrive\Desktop\procesos_ronny\venv\Lib\site-packages\django\contrib\auth\decorators.py", line 79, in <lambda>
    lambda u: u.is_authenticated,
              ^^^^^^^^^^^^^^^^^^
  File "C:\Users\karel\OneDrive\Desktop\procesos_ronny\venv\Lib\site-packages\django\utils\functional.py", line 251, in inner
    self._setup()
  File "C:\Users\karel\OneDrive\Desktop\procesos_ronny\venv\Lib\site-packages\django\utils\functional.py", line 404, in _setup
    self._wrapped = self._setupfunc()
                    ^^^^^^^^^^^^^^^^^
  File "C:\Users\karel\OneDrive\Desktop\procesos_ronny\venv\Lib\site-packages\django\contrib\auth\middleware.py", line 40, in <lambda>
    request.user = SimpleLazyObject(lambda: get_user(request))
                                            ^^^^^^^^^^^^^^^^^
  File "C:\Users\karel\OneDrive\Desktop\procesos_ronny\venv\Lib\site-packages\django\contrib\auth\middleware.py", line 20, in get_user
    request._cached_user = auth.get_user(request)
                           ^^^^^^^^^^^^^^^^^^^^^^
  File "C:\Users\karel\OneDrive\Desktop\procesos_ronny\venv\Lib\site-packages\django\contrib\auth\__init__.py", line 304, in get_user
    user_id = _get_user_session_key(request)
              ^^^^^^^^^^^^^^^^^^^^^^^^^^^^^^
  File "C:\Users\karel\OneDrive\Desktop\procesos_ronny\venv\Lib\site-packages\django\contrib\auth\__init__.py", line 95, in _get_user_session_key
    return get_user_model()._meta.pk.to_python(request.session[SESSION_KEY])
                                               ~~~~~~~~~~~~~~~^^^^^^^^^^^^^
  File "C:\Users\karel\OneDrive\Desktop\procesos_ronny\venv\Lib\site-packages\django\contrib\sessions\backends\base.py", line 55, in __getitem__
    return self._session[key]
           ^^^^^^^^^^^^^
  File "C:\Users\karel\OneDrive\Desktop\procesos_ronny\venv\Lib\site-packages\django\contrib\sessions\backends\base.py", line 249, in _get_session
    self._session_cache = self.load()
                          ^^^^^^^^^^^
  File "C:\Users\karel\OneDrive\Desktop\procesos_ronny\venv\Lib\site-packages\django\contrib\sessions\backends\cached_db.py", line 46, in load
    self._cache.set(
  File "C:\Users\karel\OneDrive\Desktop\procesos_ronny\venv\Lib\site-packages\django_redis\cache.py", line 29, in _decorator
    return method(self, *args, **kwargs)
           ^^^^^^^^^^^^^^^^^^^^^^^^^^^^^
  File "C:\Users\karel\OneDrive\Desktop\procesos_ronny\venv\Lib\site-packages\django_redis\cache.py", line 81, in set
    return self.client.set(*args, **kwargs)
           ^^^^^^^^^^^^^^^^^^^^^^^^^^^^^^^^
  File "C:\Users\karel\OneDrive\Desktop\procesos_ronny\venv\Lib\site-packages\django_redis\client\default.py", line 196, in set
    client, index = self.get_client_with_index(write=True, tried=tried)
                    ^^^^^^^^^^^^^^^^^^^^^^^^^^^^^^^^^^^^^^^^^^^^^^^^^^^
  File "C:\Users\karel\OneDrive\Desktop\procesos_ronny\venv\Lib\site-packages\django_redis\client\default.py", line 147, in get_client_with_index
    self._clients[index] = self.connect(index)
                           ^^^^^^^^^^^^^^^^^^^
  File "C:\Users\karel\OneDrive\Desktop\procesos_ronny\venv\Lib\site-packages\django_redis\client\default.py", line 157, in connect
    return self.connection_factory.connect(self._server[index])
           ^^^^^^^^^^^^^^^^^^^^^^^^^^^^^^^^^^^^^^^^^^^^^^^^^^^^
  File "C:\Users\karel\OneDrive\Desktop\procesos_ronny\venv\Lib\site-packages\django_redis\pool.py", line 69, in connect
    params = self.make_connection_params(url)
             ^^^^^^^^^^^^^^^^^^^^^^^^^^^^^^^^
  File "C:\Users\karel\OneDrive\Desktop\procesos_ronny\venv\Lib\site-packages\django_redis\pool.py", line 41, in make_connection_params
    "parser_class": self.get_parser_cls(),
                    ^^^^^^^^^^^^^^^^^^^^^
  File "C:\Users\karel\OneDrive\Desktop\procesos_ronny\venv\Lib\site-packages\django_redis\pool.py", line 97, in get_parser_cls
    return import_string(cls)
           ^^^^^^^^^^^^^^^^^^
  File "C:\Users\karel\OneDrive\Desktop\procesos_ronny\venv\Lib\site-packages\django\utils\module_loading.py", line 32, in import_string
    raise ImportError(
ImportError: Module "redis.connection" does not define a "HiredisParser" attribute/class
ERROR 2025-11-09 01:21:31,399 log 20196 24252 Internal Server Error: /reservas/carrito/
Traceback (most recent call last):
  File "C:\Users\karel\OneDrive\Desktop\procesos_ronny\venv\Lib\site-packages\django\contrib\sessions\backends\base.py", line 244, in _get_session
    return self._session_cache
           ^^^^^^^^^^^^^^^^^^^
AttributeError: 'SessionStore' object has no attribute '_session_cache'

During handling of the above exception, another exception occurred:

Traceback (most recent call last):
  File "C:\Users\karel\OneDrive\Desktop\procesos_ronny\venv\Lib\site-packages\django\utils\module_loading.py", line 30, in import_string
    return cached_import(module_path, class_name)
           ^^^^^^^^^^^^^^^^^^^^^^^^^^^^^^^^^^^^^^
  File "C:\Users\karel\OneDrive\Desktop\procesos_ronny\venv\Lib\site-packages\django\utils\module_loading.py", line 16, in cached_import
    return getattr(module, class_name)
           ^^^^^^^^^^^^^^^^^^^^^^^^^^^
AttributeError: module 'redis.connection' has no attribute 'HiredisParser'. Did you mean: '_HiredisParser'?

The above exception was the direct cause of the following exception:

Traceback (most recent call last):
  File "C:\Users\karel\OneDrive\Desktop\procesos_ronny\venv\Lib\site-packages\django\core\handlers\exception.py", line 55, in inner
    response = get_response(request)
               ^^^^^^^^^^^^^^^^^^^^^
  File "C:\Users\karel\OneDrive\Desktop\procesos_ronny\venv\Lib\site-packages\django\utils\deprecation.py", line 122, in __call__
    response = self.process_response(request, response)
               ^^^^^^^^^^^^^^^^^^^^^^^^^^^^^^^^^^^^^^^^
  File "C:\Users\karel\OneDrive\Desktop\procesos_ronny\venv\Lib\site-packages\django\contrib\sessions\middleware.py", line 48, in process_response
    if request.session.get_expire_at_browser_close():
       ^^^^^^^^^^^^^^^^^^^^^^^^^^^^^^^^^^^^^^^^^^^^^
  File "C:\Users\karel\OneDrive\Desktop\procesos_ronny\venv\Lib\site-packages\django\contrib\sessions\backends\base.py", line 403, in get_expire_at_browser_close
    if (expiry := self.get("_session_expiry")) is None:
                  ^^^^^^^^^^^^^^^^^^^^^^^^^^^
  File "C:\Users\karel\OneDrive\Desktop\procesos_ronny\venv\Lib\site-packages\django\contrib\sessions\backends\base.py", line 74, in get
    return self._session.get(key, default)
           ^^^^^^^^^^^^^
  File "C:\Users\karel\OneDrive\Desktop\procesos_ronny\venv\Lib\site-packages\django\contrib\sessions\backends\base.py", line 249, in _get_session
    self._session_cache = self.load()
                          ^^^^^^^^^^^
  File "C:\Users\karel\OneDrive\Desktop\procesos_ronny\venv\Lib\site-packages\django\contrib\sessions\backends\cached_db.py", line 46, in load
    self._cache.set(
  File "C:\Users\karel\OneDrive\Desktop\procesos_ronny\venv\Lib\site-packages\django_redis\cache.py", line 29, in _decorator
    return method(self, *args, **kwargs)
           ^^^^^^^^^^^^^^^^^^^^^^^^^^^^^
  File "C:\Users\karel\OneDrive\Desktop\procesos_ronny\venv\Lib\site-packages\django_redis\cache.py", line 81, in set
    return self.client.set(*args, **kwargs)
           ^^^^^^^^^^^^^^^^^^^^^^^^^^^^^^^^
  File "C:\Users\karel\OneDrive\Desktop\procesos_ronny\venv\Lib\site-packages\django_redis\client\default.py", line 196, in set
    client, index = self.get_client_with_index(write=True, tried=tried)
                    ^^^^^^^^^^^^^^^^^^^^^^^^^^^^^^^^^^^^^^^^^^^^^^^^^^^
  File "C:\Users\karel\OneDrive\Desktop\procesos_ronny\venv\Lib\site-packages\django_redis\client\default.py", line 147, in get_client_with_index
    self._clients[index] = self.connect(index)
                           ^^^^^^^^^^^^^^^^^^^
  File "C:\Users\karel\OneDrive\Desktop\procesos_ronny\venv\Lib\site-packages\django_redis\client\default.py", line 157, in connect
    return self.connection_factory.connect(self._server[index])
           ^^^^^^^^^^^^^^^^^^^^^^^^^^^^^^^^^^^^^^^^^^^^^^^^^^^^
  File "C:\Users\karel\OneDrive\Desktop\procesos_ronny\venv\Lib\site-packages\django_redis\pool.py", line 69, in connect
    params = self.make_connection_params(url)
             ^^^^^^^^^^^^^^^^^^^^^^^^^^^^^^^^
  File "C:\Users\karel\OneDrive\Desktop\procesos_ronny\venv\Lib\site-packages\django_redis\pool.py", line 41, in make_connection_params
    "parser_class": self.get_parser_cls(),
                    ^^^^^^^^^^^^^^^^^^^^^
  File "C:\Users\karel\OneDrive\Desktop\procesos_ronny\venv\Lib\site-packages\django_redis\pool.py", line 97, in get_parser_cls
    return import_string(cls)
           ^^^^^^^^^^^^^^^^^^
  File "C:\Users\karel\OneDrive\Desktop\procesos_ronny\venv\Lib\site-packages\django\utils\module_loading.py", line 32, in import_string
    raise ImportError(
ImportError: Module "redis.connection" does not define a "HiredisParser" attribute/class
ERROR 2025-11-09 01:29:43,168 log 4664 7000 Internal Server Error: /reservas/proveedor/confirmar/17/
ERROR 2025-11-09 01:29:47,624 log 4664 7000 Internal Server Error: /reservas/proveedor/confirmar/17/
ERROR 2025-11-09 01:36:26,427 log 19588 26152 Internal Server Error: /servicios/20/
Traceback (most recent call last):
  File "C:\Users\karel\OneDrive\Desktop\procesos_ronny\venv\Lib\site-packages\django\core\handlers\exception.py", line 55, in inner
    response = get_response(request)
               ^^^^^^^^^^^^^^^^^^^^^
  File "C:\Users\karel\OneDrive\Desktop\procesos_ronny\venv\Lib\site-packages\django\core\handlers\base.py", line 197, in _get_response
    response = wrapped_callback(request, *callback_args, **callback_kwargs)
               ^^^^^^^^^^^^^^^^^^^^^^^^^^^^^^^^^^^^^^^^^^^^^^^^^^^^^^^^^^^^
  File "C:\Users\karel\AppData\Local\Programs\Python\Python312\Lib\contextlib.py", line 81, in inner
    return func(*args, **kwds)
           ^^^^^^^^^^^^^^^^^^^
  File "C:\Users\karel\OneDrive\Desktop\procesos_ronny\apps\servicios\views.py", line 598, in detalle_servicio
    return render(request, 'servicios/detalle.html', context)
           ^^^^^^^^^^^^^^^^^^^^^^^^^^^^^^^^^^^^^^^^^^^^^^^^^^
  File "C:\Users\karel\OneDrive\Desktop\procesos_ronny\venv\Lib\site-packages\django\shortcuts.py", line 25, in render
    content = loader.render_to_string(template_name, context, request, using=using)
              ^^^^^^^^^^^^^^^^^^^^^^^^^^^^^^^^^^^^^^^^^^^^^^^^^^^^^^^^^^^^^^^^^^^^^
  File "C:\Users\karel\OneDrive\Desktop\procesos_ronny\venv\Lib\site-packages\django\template\loader.py", line 62, in render_to_string
    return template.render(context, request)
           ^^^^^^^^^^^^^^^^^^^^^^^^^^^^^^^^^
  File "C:\Users\karel\OneDrive\Desktop\procesos_ronny\venv\Lib\site-packages\django\template\backends\django.py", line 107, in render
    return self.template.render(context)
           ^^^^^^^^^^^^^^^^^^^^^^^^^^^^^
  File "C:\Users\karel\OneDrive\Desktop\procesos_ronny\venv\Lib\site-packages\django\template\base.py", line 171, in render
    return self._render(context)
           ^^^^^^^^^^^^^^^^^^^^^
  File "C:\Users\karel\OneDrive\Desktop\procesos_ronny\venv\Lib\site-packages\django\template\base.py", line 163, in _render
    return self.nodelist.render(context)
           ^^^^^^^^^^^^^^^^^^^^^^^^^^^^^
  File "C:\Users\karel\OneDrive\Desktop\procesos_ronny\venv\Lib\site-packages\django\template\base.py", line 1016, in render
    return SafeString("".join([node.render_annotated(context) for node in self]))
                               ^^^^^^^^^^^^^^^^^^^^^^^^^^^^^^
  File "C:\Users\karel\OneDrive\Desktop\procesos_ronny\venv\Lib\site-packages\django\template\base.py", line 977, in render_annotated
    return self.render(context)
           ^^^^^^^^^^^^^^^^^^^^
  File "C:\Users\karel\OneDrive\Desktop\procesos_ronny\venv\Lib\site-packages\django\template\loader_tags.py", line 159, in render
    return compiled_parent._render(context)
           ^^^^^^^^^^^^^^^^^^^^^^^^^^^^^^^^
  File "C:\Users\karel\OneDrive\Desktop\procesos_ronny\venv\Lib\site-packages\django\template\base.py", line 163, in _render
    return self.nodelist.render(context)
           ^^^^^^^^^^^^^^^^^^^^^^^^^^^^^
  File "C:\Users\karel\OneDrive\Desktop\procesos_ronny\venv\Lib\site-packages\django\template\base.py", line 1016, in render
    return SafeString("".join([node.render_annotated(context) for node in self]))
                               ^^^^^^^^^^^^^^^^^^^^^^^^^^^^^^
  File "C:\Users\karel\OneDrive\Desktop\procesos_ronny\venv\Lib\site-packages\django\template\base.py", line 977, in render_annotated
    return self.render(context)
           ^^^^^^^^^^^^^^^^^^^^
  File "C:\Users\karel\OneDrive\Desktop\procesos_ronny\venv\Lib\site-packages\django\template\defaulttags.py", line 480, in render
    url = reverse(view_name, args=args, kwargs=kwargs, current_app=current_app)
          ^^^^^^^^^^^^^^^^^^^^^^^^^^^^^^^^^^^^^^^^^^^^^^^^^^^^^^^^^^^^^^^^^^^^^
  File "C:\Users\karel\OneDrive\Desktop\procesos_ronny\venv\Lib\site-packages\django\urls\base.py", line 98, in reverse
    resolved_url = resolver._reverse_with_prefix(view, prefix, *args, **kwargs)
                   ^^^^^^^^^^^^^^^^^^^^^^^^^^^^^^^^^^^^^^^^^^^^^^^^^^^^^^^^^^^^
  File "C:\Users\karel\OneDrive\Desktop\procesos_ronny\venv\Lib\site-packages\django\urls\resolvers.py", line 831, in _reverse_with_prefix
    raise NoReverseMatch(msg)
django.urls.exceptions.NoReverseMatch: Reverse for 'reservas_pendientes_count' not found. 'reservas_pendientes_count' is not a valid view function or pattern name.
ERROR 2025-11-09 01:36:45,464 log 19588 19612 Internal Server Error: /
Traceback (most recent call last):
  File "C:\Users\karel\OneDrive\Desktop\procesos_ronny\venv\Lib\site-packages\django\core\handlers\exception.py", line 55, in inner
    response = get_response(request)
               ^^^^^^^^^^^^^^^^^^^^^
  File "C:\Users\karel\OneDrive\Desktop\procesos_ronny\venv\Lib\site-packages\django\core\handlers\base.py", line 197, in _get_response
    response = wrapped_callback(request, *callback_args, **callback_kwargs)
               ^^^^^^^^^^^^^^^^^^^^^^^^^^^^^^^^^^^^^^^^^^^^^^^^^^^^^^^^^^^^
  File "C:\Users\karel\AppData\Local\Programs\Python\Python312\Lib\contextlib.py", line 81, in inner
    return func(*args, **kwds)
           ^^^^^^^^^^^^^^^^^^^
  File "C:\Users\karel\OneDrive\Desktop\procesos_ronny\apps\usuarios\views.py", line 410, in home_view
    return render(request, 'home.html', context)
           ^^^^^^^^^^^^^^^^^^^^^^^^^^^^^^^^^^^^^
  File "C:\Users\karel\OneDrive\Desktop\procesos_ronny\venv\Lib\site-packages\django\shortcuts.py", line 25, in render
    content = loader.render_to_string(template_name, context, request, using=using)
              ^^^^^^^^^^^^^^^^^^^^^^^^^^^^^^^^^^^^^^^^^^^^^^^^^^^^^^^^^^^^^^^^^^^^^
  File "C:\Users\karel\OneDrive\Desktop\procesos_ronny\venv\Lib\site-packages\django\template\loader.py", line 62, in render_to_string
    return template.render(context, request)
           ^^^^^^^^^^^^^^^^^^^^^^^^^^^^^^^^^
  File "C:\Users\karel\OneDrive\Desktop\procesos_ronny\venv\Lib\site-packages\django\template\backends\django.py", line 107, in render
    return self.template.render(context)
           ^^^^^^^^^^^^^^^^^^^^^^^^^^^^^
  File "C:\Users\karel\OneDrive\Desktop\procesos_ronny\venv\Lib\site-packages\django\template\base.py", line 171, in render
    return self._render(context)
           ^^^^^^^^^^^^^^^^^^^^^
  File "C:\Users\karel\OneDrive\Desktop\procesos_ronny\venv\Lib\site-packages\django\template\base.py", line 163, in _render
    return self.nodelist.render(context)
           ^^^^^^^^^^^^^^^^^^^^^^^^^^^^^
  File "C:\Users\karel\OneDrive\Desktop\procesos_ronny\venv\Lib\site-packages\django\template\base.py", line 1016, in render
    return SafeString("".join([node.render_annotated(context) for node in self]))
                               ^^^^^^^^^^^^^^^^^^^^^^^^^^^^^^
  File "C:\Users\karel\OneDrive\Desktop\procesos_ronny\venv\Lib\site-packages\django\template\base.py", line 977, in render_annotated
    return self.render(context)
           ^^^^^^^^^^^^^^^^^^^^
  File "C:\Users\karel\OneDrive\Desktop\procesos_ronny\venv\Lib\site-packages\django\template\loader_tags.py", line 159, in render
    return compiled_parent._render(context)
           ^^^^^^^^^^^^^^^^^^^^^^^^^^^^^^^^
  File "C:\Users\karel\OneDrive\Desktop\procesos_ronny\venv\Lib\site-packages\django\template\base.py", line 163, in _render
    return self.nodelist.render(context)
           ^^^^^^^^^^^^^^^^^^^^^^^^^^^^^
  File "C:\Users\karel\OneDrive\Desktop\procesos_ronny\venv\Lib\site-packages\django\template\base.py", line 1016, in render
    return SafeString("".join([node.render_annotated(context) for node in self]))
                               ^^^^^^^^^^^^^^^^^^^^^^^^^^^^^^
  File "C:\Users\karel\OneDrive\Desktop\procesos_ronny\venv\Lib\site-packages\django\template\base.py", line 977, in render_annotated
    return self.render(context)
           ^^^^^^^^^^^^^^^^^^^^
  File "C:\Users\karel\OneDrive\Desktop\procesos_ronny\venv\Lib\site-packages\django\template\defaulttags.py", line 480, in render
    url = reverse(view_name, args=args, kwargs=kwargs, current_app=current_app)
          ^^^^^^^^^^^^^^^^^^^^^^^^^^^^^^^^^^^^^^^^^^^^^^^^^^^^^^^^^^^^^^^^^^^^^
  File "C:\Users\karel\OneDrive\Desktop\procesos_ronny\venv\Lib\site-packages\django\urls\base.py", line 98, in reverse
    resolved_url = resolver._reverse_with_prefix(view, prefix, *args, **kwargs)
                   ^^^^^^^^^^^^^^^^^^^^^^^^^^^^^^^^^^^^^^^^^^^^^^^^^^^^^^^^^^^^
  File "C:\Users\karel\OneDrive\Desktop\procesos_ronny\venv\Lib\site-packages\django\urls\resolvers.py", line 831, in _reverse_with_prefix
    raise NoReverseMatch(msg)
django.urls.exceptions.NoReverseMatch: Reverse for 'reservas_pendientes_count' not found. 'reservas_pendientes_count' is not a valid view function or pattern name.
ERROR 2025-11-09 01:36:45,580 log 19588 22500 Internal Server Error: /reservas/carrito/
Traceback (most recent call last):
  File "C:\Users\karel\OneDrive\Desktop\procesos_ronny\venv\Lib\site-packages\django\core\handlers\exception.py", line 55, in inner
    response = get_response(request)
               ^^^^^^^^^^^^^^^^^^^^^
  File "C:\Users\karel\OneDrive\Desktop\procesos_ronny\venv\Lib\site-packages\django\core\handlers\base.py", line 197, in _get_response
    response = wrapped_callback(request, *callback_args, **callback_kwargs)
               ^^^^^^^^^^^^^^^^^^^^^^^^^^^^^^^^^^^^^^^^^^^^^^^^^^^^^^^^^^^^
  File "C:\Users\karel\AppData\Local\Programs\Python\Python312\Lib\contextlib.py", line 81, in inner
    return func(*args, **kwds)
           ^^^^^^^^^^^^^^^^^^^
  File "C:\Users\karel\OneDrive\Desktop\procesos_ronny\venv\Lib\site-packages\django\contrib\auth\decorators.py", line 59, in _view_wrapper
    return view_func(request, *args, **kwargs)
           ^^^^^^^^^^^^^^^^^^^^^^^^^^^^^^^^^^^
  File "C:\Users\karel\OneDrive\Desktop\procesos_ronny\apps\reservas\views.py", line 59, in wrapper
    return view_func(request, *args, **kwargs)
           ^^^^^^^^^^^^^^^^^^^^^^^^^^^^^^^^^^^
  File "C:\Users\karel\OneDrive\Desktop\procesos_ronny\apps\reservas\views.py", line 131, in ver_carrito
    return render(request, 'reservas/carrito.html', context)
           ^^^^^^^^^^^^^^^^^^^^^^^^^^^^^^^^^^^^^^^^^^^^^^^^^
  File "C:\Users\karel\OneDrive\Desktop\procesos_ronny\venv\Lib\site-packages\django\shortcuts.py", line 25, in render
    content = loader.render_to_string(template_name, context, request, using=using)
              ^^^^^^^^^^^^^^^^^^^^^^^^^^^^^^^^^^^^^^^^^^^^^^^^^^^^^^^^^^^^^^^^^^^^^
  File "C:\Users\karel\OneDrive\Desktop\procesos_ronny\venv\Lib\site-packages\django\template\loader.py", line 62, in render_to_string
    return template.render(context, request)
           ^^^^^^^^^^^^^^^^^^^^^^^^^^^^^^^^^
  File "C:\Users\karel\OneDrive\Desktop\procesos_ronny\venv\Lib\site-packages\django\template\backends\django.py", line 107, in render
    return self.template.render(context)
           ^^^^^^^^^^^^^^^^^^^^^^^^^^^^^
  File "C:\Users\karel\OneDrive\Desktop\procesos_ronny\venv\Lib\site-packages\django\template\base.py", line 171, in render
    return self._render(context)
           ^^^^^^^^^^^^^^^^^^^^^
  File "C:\Users\karel\OneDrive\Desktop\procesos_ronny\venv\Lib\site-packages\django\template\base.py", line 163, in _render
    return self.nodelist.render(context)
           ^^^^^^^^^^^^^^^^^^^^^^^^^^^^^
  File "C:\Users\karel\OneDrive\Desktop\procesos_ronny\venv\Lib\site-packages\django\template\base.py", line 1016, in render
    return SafeString("".join([node.render_annotated(context) for node in self]))
                               ^^^^^^^^^^^^^^^^^^^^^^^^^^^^^^
  File "C:\Users\karel\OneDrive\Desktop\procesos_ronny\venv\Lib\site-packages\django\template\base.py", line 977, in render_annotated
    return self.render(context)
           ^^^^^^^^^^^^^^^^^^^^
  File "C:\Users\karel\OneDrive\Desktop\procesos_ronny\venv\Lib\site-packages\django\template\loader_tags.py", line 159, in render
    return compiled_parent._render(context)
           ^^^^^^^^^^^^^^^^^^^^^^^^^^^^^^^^
  File "C:\Users\karel\OneDrive\Desktop\procesos_ronny\venv\Lib\site-packages\django\template\base.py", line 163, in _render
    return self.nodelist.render(context)
           ^^^^^^^^^^^^^^^^^^^^^^^^^^^^^
  File "C:\Users\karel\OneDrive\Desktop\procesos_ronny\venv\Lib\site-packages\django\template\base.py", line 1016, in render
    return SafeString("".join([node.render_annotated(context) for node in self]))
                               ^^^^^^^^^^^^^^^^^^^^^^^^^^^^^^
  File "C:\Users\karel\OneDrive\Desktop\procesos_ronny\venv\Lib\site-packages\django\template\base.py", line 977, in render_annotated
    return self.render(context)
           ^^^^^^^^^^^^^^^^^^^^
  File "C:\Users\karel\OneDrive\Desktop\procesos_ronny\venv\Lib\site-packages\django\template\defaulttags.py", line 480, in render
    url = reverse(view_name, args=args, kwargs=kwargs, current_app=current_app)
          ^^^^^^^^^^^^^^^^^^^^^^^^^^^^^^^^^^^^^^^^^^^^^^^^^^^^^^^^^^^^^^^^^^^^^
  File "C:\Users\karel\OneDrive\Desktop\procesos_ronny\venv\Lib\site-packages\django\urls\base.py", line 98, in reverse
    resolved_url = resolver._reverse_with_prefix(view, prefix, *args, **kwargs)
                   ^^^^^^^^^^^^^^^^^^^^^^^^^^^^^^^^^^^^^^^^^^^^^^^^^^^^^^^^^^^^
  File "C:\Users\karel\OneDrive\Desktop\procesos_ronny\venv\Lib\site-packages\django\urls\resolvers.py", line 831, in _reverse_with_prefix
    raise NoReverseMatch(msg)
django.urls.exceptions.NoReverseMatch: Reverse for 'reservas_pendientes_count' not found. 'reservas_pendientes_count' is not a valid view function or pattern name.
ERROR 2025-11-09 01:37:15,628 log 8576 15420 Internal Server Error: /reservas/carrito/
Traceback (most recent call last):
  File "C:\Users\karel\OneDrive\Desktop\procesos_ronny\venv\Lib\site-packages\django\core\handlers\exception.py", line 55, in inner
    response = get_response(request)
               ^^^^^^^^^^^^^^^^^^^^^
  File "C:\Users\karel\OneDrive\Desktop\procesos_ronny\venv\Lib\site-packages\django\core\handlers\base.py", line 197, in _get_response
    response = wrapped_callback(request, *callback_args, **callback_kwargs)
               ^^^^^^^^^^^^^^^^^^^^^^^^^^^^^^^^^^^^^^^^^^^^^^^^^^^^^^^^^^^^
  File "C:\Users\karel\AppData\Local\Programs\Python\Python312\Lib\contextlib.py", line 81, in inner
    return func(*args, **kwds)
           ^^^^^^^^^^^^^^^^^^^
  File "C:\Users\karel\OneDrive\Desktop\procesos_ronny\venv\Lib\site-packages\django\contrib\auth\decorators.py", line 59, in _view_wrapper
    return view_func(request, *args, **kwargs)
           ^^^^^^^^^^^^^^^^^^^^^^^^^^^^^^^^^^^
  File "C:\Users\karel\OneDrive\Desktop\procesos_ronny\apps\reservas\views.py", line 59, in wrapper
    return view_func(request, *args, **kwargs)
           ^^^^^^^^^^^^^^^^^^^^^^^^^^^^^^^^^^^
  File "C:\Users\karel\OneDrive\Desktop\procesos_ronny\apps\reservas\views.py", line 131, in ver_carrito
    return render(request, 'reservas/carrito.html', context)
           ^^^^^^^^^^^^^^^^^^^^^^^^^^^^^^^^^^^^^^^^^^^^^^^^^
  File "C:\Users\karel\OneDrive\Desktop\procesos_ronny\venv\Lib\site-packages\django\shortcuts.py", line 25, in render
    content = loader.render_to_string(template_name, context, request, using=using)
              ^^^^^^^^^^^^^^^^^^^^^^^^^^^^^^^^^^^^^^^^^^^^^^^^^^^^^^^^^^^^^^^^^^^^^
  File "C:\Users\karel\OneDrive\Desktop\procesos_ronny\venv\Lib\site-packages\django\template\loader.py", line 62, in render_to_string
    return template.render(context, request)
           ^^^^^^^^^^^^^^^^^^^^^^^^^^^^^^^^^
  File "C:\Users\karel\OneDrive\Desktop\procesos_ronny\venv\Lib\site-packages\django\template\backends\django.py", line 107, in render
    return self.template.render(context)
           ^^^^^^^^^^^^^^^^^^^^^^^^^^^^^
  File "C:\Users\karel\OneDrive\Desktop\procesos_ronny\venv\Lib\site-packages\django\template\base.py", line 171, in render
    return self._render(context)
           ^^^^^^^^^^^^^^^^^^^^^
  File "C:\Users\karel\OneDrive\Desktop\procesos_ronny\venv\Lib\site-packages\django\template\base.py", line 163, in _render
    return self.nodelist.render(context)
           ^^^^^^^^^^^^^^^^^^^^^^^^^^^^^
  File "C:\Users\karel\OneDrive\Desktop\procesos_ronny\venv\Lib\site-packages\django\template\base.py", line 1016, in render
    return SafeString("".join([node.render_annotated(context) for node in self]))
                               ^^^^^^^^^^^^^^^^^^^^^^^^^^^^^^
  File "C:\Users\karel\OneDrive\Desktop\procesos_ronny\venv\Lib\site-packages\django\template\base.py", line 977, in render_annotated
    return self.render(context)
           ^^^^^^^^^^^^^^^^^^^^
  File "C:\Users\karel\OneDrive\Desktop\procesos_ronny\venv\Lib\site-packages\django\template\loader_tags.py", line 159, in render
    return compiled_parent._render(context)
           ^^^^^^^^^^^^^^^^^^^^^^^^^^^^^^^^
  File "C:\Users\karel\OneDrive\Desktop\procesos_ronny\venv\Lib\site-packages\django\template\base.py", line 163, in _render
    return self.nodelist.render(context)
           ^^^^^^^^^^^^^^^^^^^^^^^^^^^^^
  File "C:\Users\karel\OneDrive\Desktop\procesos_ronny\venv\Lib\site-packages\django\template\base.py", line 1016, in render
    return SafeString("".join([node.render_annotated(context) for node in self]))
                               ^^^^^^^^^^^^^^^^^^^^^^^^^^^^^^
  File "C:\Users\karel\OneDrive\Desktop\procesos_ronny\venv\Lib\site-packages\django\template\base.py", line 977, in render_annotated
    return self.render(context)
           ^^^^^^^^^^^^^^^^^^^^
  File "C:\Users\karel\OneDrive\Desktop\procesos_ronny\venv\Lib\site-packages\django\template\defaulttags.py", line 480, in render
    url = reverse(view_name, args=args, kwargs=kwargs, current_app=current_app)
          ^^^^^^^^^^^^^^^^^^^^^^^^^^^^^^^^^^^^^^^^^^^^^^^^^^^^^^^^^^^^^^^^^^^^^
  File "C:\Users\karel\OneDrive\Desktop\procesos_ronny\venv\Lib\site-packages\django\urls\base.py", line 98, in reverse
    resolved_url = resolver._reverse_with_prefix(view, prefix, *args, **kwargs)
                   ^^^^^^^^^^^^^^^^^^^^^^^^^^^^^^^^^^^^^^^^^^^^^^^^^^^^^^^^^^^^
  File "C:\Users\karel\OneDrive\Desktop\procesos_ronny\venv\Lib\site-packages\django\urls\resolvers.py", line 831, in _reverse_with_prefix
    raise NoReverseMatch(msg)
django.urls.exceptions.NoReverseMatch: Reverse for 'reservas_pendientes_count' not found. 'reservas_pendientes_count' is not a valid view function or pattern name.
